[10:58:53] [main/INFO] [FML/]: Forge Mod Loader version 7.2.217.1147 for Minecraft 1.7.2 loading
[10:58:54] [main/INFO] [FML/]: Java is Java HotSpot(TM) Client VM, version 1.7.0_45, running on Windows XP:x86:5.1, installed at C:\Documents and Settings\Administrator\My Documents\Java\jre7
[10:58:54] [main/WARN] [FML/]: The coremod mods.flammpfeil.slashblade.asm.CorePlugin does not have a MCVersion annotation, it may cause issues with this version of Minecraft
[10:58:54] [main/INFO] [LaunchWrapper/]: Loading tweak class name cpw.mods.fml.common.launcher.FMLInjectionAndSortingTweaker
[10:58:54] [main/INFO] [LaunchWrapper/]: Loading tweak class name cpw.mods.fml.common.launcher.FMLDeobfTweaker
[10:58:54] [main/INFO] [LaunchWrapper/]: Calling tweak class cpw.mods.fml.common.launcher.FMLInjectionAndSortingTweaker
[10:58:54] [main/INFO] [LaunchWrapper/]: Calling tweak class cpw.mods.fml.common.launcher.FMLInjectionAndSortingTweaker
[10:58:54] [main/INFO] [LaunchWrapper/]: Calling tweak class cpw.mods.fml.relauncher.CoreModManager$FMLPluginWrapper
[10:58:56] [main/INFO] [LaunchWrapper/]: Calling tweak class cpw.mods.fml.relauncher.CoreModManager$FMLPluginWrapper
[10:58:56] [main/INFO] [LaunchWrapper/]: Calling tweak class cpw.mods.fml.relauncher.CoreModManager$FMLPluginWrapper
[10:58:56] [main/INFO] [LaunchWrapper/]: Calling tweak class cpw.mods.fml.relauncher.CoreModManager$FMLPluginWrapper
[10:59:01] [main/INFO] [LaunchWrapper/]: Calling tweak class cpw.mods.fml.common.launcher.FMLDeobfTweaker
[10:59:02] [main/INFO] [LaunchWrapper/]: Launching wrapped minecraft {net.minecraft.server.MinecraftServer}
[10:59:04] [Server thread/INFO] [MinecraftForge/]: Attempting early MinecraftForge initialization
[10:59:04] [Server thread/INFO] [FML/]: MinecraftForge v10.12.2.1147 Initialized
[10:59:04] [Server thread/INFO] [FML/]: Replaced 182 ore recipies
[10:59:04] [Server thread/INFO] [MinecraftForge/]: Completed early MinecraftForge initialization
[10:59:04] [Server thread/INFO] [FML/]: Searching E:\我的文档\自制RPG音乐\1.7.2MCPC\1.7.2MCPC服务端\mods for mods
[10:59:05] [Server thread/INFO] [FML/]: Attempting to reparse the mod container Mcmap.cc-%5B拓展工作台%5D%5B1.7.2%5D.jar
[10:59:05] [Server thread/INFO] [FML/]: Forge Mod Loader has identified 11 mods to load
[10:59:05] [Server thread/INFO] [FML/]: FML has found a non-mod file Modern Warfare-Content Pack-1.7.10-4.7.0.jar in your mods directory. It will now be injected into your classpath. This could severe stability issues, it should be removed if possible.
[10:59:06] [Server thread/INFO] [FML/]: Processing ObjectHolder annotations
[10:59:06] [Server thread/INFO] [FML/]: Found 341 ObjectHolder annotations
[10:59:06] [Server thread/INFO] [FML/Forge]: Configured a dormant chunk cache size of 0
[10:59:06] [Server thread/WARN] [/customnpcs]: ScriptEngineManager providers.next(): javax.script.ScriptEngineFactory: Provider scala.tools.nsc.interpreter.IMain$Factory not found
[10:59:06] [Server thread/INFO] [/customnpcs]: Script Engings Available:
[10:59:06] [Server thread/INFO] [/customnpcs]: ECMAScript: .js
[10:59:07] [Server thread/INFO] [FML/]: Applying holder lookups
[10:59:07] [Server thread/INFO] [FML/]: Holder lookups applied
[10:59:08] [Server thread/INFO] [Minecraft/]: This server is running Cauldron-MCPC-Plus version git-Cauldron-MCPC-Plus-1.7.2-1.1147.04.98 (MC: 1.7.2) (Implementing API version 1.7.2-R0.4-SNAPSHOT)
[10:59:08] [Server thread/INFO] [/]: Server Ping Player Sample Count: 12
[10:59:08] [Server thread/INFO] [Minecraft/]: Using 4 threads for Netty based IO
[10:59:08] [Server thread/INFO] [FML/lootbags]: Added Blacklist item: 1xitem.lootbag@0
[10:59:08] [Server thread/INFO] [FML/]: Forge Mod Loader has successfully loaded 11 mods
[10:59:09] [Server thread/INFO] [FML/]: Injecting existing block and item data into this server instance
[10:59:09] [Server thread/INFO] [FML/]: Applying holder lookups
[10:59:09] [Server thread/INFO] [FML/]: Holder lookups applied
[10:59:09] [Server thread/INFO] [FML/]: Injected new Forge block material CUSTOMNPCS_NPCREDSTONEBLOCK with ID 165.
[10:59:09] [Server thread/INFO] [FML/]: Injected new Forge block material CUSTOMNPCS_NPCCARPENTYBENCH with ID 166.
[10:59:09] [Server thread/INFO] [FML/]: Injected new Forge block material CUSTOMNPCS_NPCMAILBOX with ID 167.
[10:59:09] [Server thread/INFO] [FML/]: Injected new Forge block material CUSTOMNPCS_NPCWAYPOINT with ID 168.
[10:59:09] [Server thread/INFO] [FML/]: Injected new Forge block material CUSTOMNPCS_NPCBLOODBLOCK with ID 169.
[10:59:09] [Server thread/INFO] [FML/]: Injected new Forge block material CUSTOMNPCS_NPCBANNER with ID 176.
[10:59:09] [Server thread/INFO] [FML/]: Injected new Forge block material CUSTOMNPCS_NPCWALLBANNER with ID 177.
[10:59:09] [Server thread/INFO] [FML/]: Injected new Forge block material CUSTOMNPCS_NPCTALLLAMP with ID 178.
[10:59:09] [Server thread/INFO] [FML/]: Injected new Forge block material CUSTOMNPCS_NPCCHAIR with ID 179.
[10:59:09] [Server thread/INFO] [FML/]: Injected new Forge block material CUSTOMNPCS_NPCCRATE with ID 180.
[10:59:09] [Server thread/INFO] [FML/]: Injected new Forge block material CUSTOMNPCS_NPCWEAPONRACK with ID 181.
[10:59:09] [Server thread/INFO] [FML/]: Injected new Forge block material CUSTOMNPCS_NPCCOUCHWOOL with ID 182.
[10:59:09] [Server thread/INFO] [FML/]: Injected new Forge block material CUSTOMNPCS_NPCCOUCHWOOD with ID 183.
[10:59:09] [Server thread/INFO] [FML/]: Injected new Forge block material CUSTOMNPCS_NPCTABLE with ID 184.
[10:59:09] [Server thread/INFO] [FML/]: Injected new Forge block material CUSTOMNPCS_NPCBORDER with ID 185.
[10:59:09] [Server thread/INFO] [FML/]: Injected new Forge block material CUSTOMNPCS_NPCSTOOL with ID 186.
[10:59:09] [Server thread/INFO] [FML/]: Injected new Forge block material CUSTOMNPCS_NPCPLACEHOLDER with ID 187.
[10:59:09] [Server thread/INFO] [FML/]: Injected new Forge block material CUSTOMNPCS_NPCBIGSIGN with ID 188.
[10:59:09] [Server thread/INFO] [FML/]: Injected new Forge block material CUSTOMNPCS_NPCBARREL with ID 189.
[10:59:09] [Server thread/INFO] [FML/]: Injected new Forge block material CUSTOMNPCS_NPCTOMBSTONE with ID 190.
[10:59:09] [Server thread/INFO] [FML/]: Injected new Forge block material CUSTOMNPCS_NPCSHELF with ID 191.
[10:59:09] [Server thread/INFO] [FML/]: Injected new Forge block material CUSTOMNPCS_NPCSIGN with ID 192.
[10:59:09] [Server thread/INFO] [FML/]: Injected new Forge block material CUSTOMNPCS_NPCBEAM with ID 193.
[10:59:09] [Server thread/INFO] [FML/]: Injected new Forge block material CUSTOMNPCS_NPCBOOK with ID 194.
[10:59:09] [Server thread/INFO] [FML/]: Injected new Forge block material CUSTOMNPCS_NPCPEDESTAL with ID 195.
[10:59:09] [Server thread/INFO] [FML/]: Injected new Forge block material CUSTOMNPCS_NPCCRYSTALBLOCK with ID 196.
[10:59:09] [Server thread/INFO] [FML/]: Injected new Forge block material CUSTOMNPCS_NPCCAMPFIRE with ID 197.
[10:59:09] [Server thread/INFO] [FML/]: Injected new Forge block material CUSTOMNPCS_NPCLAMP with ID 198.
[10:59:09] [Server thread/INFO] [FML/]: Injected new Forge block material CUSTOMNPCS_NPCCANDLE with ID 199.
[10:59:09] [Server thread/INFO] [FML/]: Injected new Forge block material CUSTOMNPCS_NPCCAMPFIREUNLIT with ID 200.
[10:59:09] [Server thread/INFO] [FML/]: Injected new Forge block material CUSTOMNPCS_NPCLAMPUNLIT with ID 201.
[10:59:09] [Server thread/INFO] [FML/]: Injected new Forge block material CUSTOMNPCS_NPCCANDLEUNLIT with ID 202.
[10:59:09] [Server thread/INFO] [FML/]: Injected new Forge block material EXTENDEDWORKBENCH_EXTENDEDFIRE with ID 203.
[10:59:09] [Server thread/INFO] [FML/]: Injected new Forge block material IRONCHEST_BLOCKIRONCHEST with ID 204.
[10:59:09] [Server thread/INFO] [FML/]: Injected new Forge block material BAMBOOMOD_BAMBOO with ID 205.
[10:59:09] [Server thread/INFO] [FML/]: Injected new Forge block material BAMBOOMOD_SINGLETEXDECO with ID 206.
[10:59:09] [Server thread/INFO] [FML/]: Injected new Forge block material BAMBOOMOD_KITUNEBI with ID 207.
[10:59:09] [Server thread/INFO] [FML/]: Injected new Forge block material BAMBOOMOD_JPCHEST with ID 208.
[10:59:09] [Server thread/INFO] [FML/]: Injected new Forge block material BAMBOOMOD_DIRSQUARE with ID 209.
[10:59:09] [Server thread/INFO] [FML/]: Injected new Forge block material BAMBOOMOD_HALFDIRSQUARE with ID 210.
[10:59:09] [Server thread/INFO] [FML/]: Injected new Forge block material BAMBOOMOD_ANDON with ID 211.
[10:59:09] [Server thread/INFO] [FML/]: Injected new Forge block material BAMBOOMOD_BAMBOOPANEL with ID 212.
[10:59:09] [Server thread/INFO] [FML/]: Injected new Forge block material BAMBOOMOD_SAKURALEAVES with ID 213.
[10:59:09] [Server thread/INFO] [FML/]: Injected new Forge block material BAMBOOMOD_SAKURASAPLING with ID 214.
[10:59:09] [Server thread/INFO] [FML/]: Injected new Forge block material BAMBOOMOD_KAYABUKIROOF with ID 215.
[10:59:09] [Server thread/INFO] [FML/]: Injected new Forge block material BAMBOOMOD_SPAWATER with ID 216.
[10:59:09] [Server thread/INFO] [FML/]: Injected new Forge block material BAMBOOMOD_SPAUNIT with ID 217.
[10:59:09] [Server thread/INFO] [FML/]: Injected new Forge block material BAMBOOMOD_SAKURALOG with ID 218.
[10:59:09] [Server thread/INFO] [FML/]: Injected new Forge block material BAMBOOMOD_DELUDE_WIDTH with ID 219.
[10:59:09] [Server thread/INFO] [FML/]: Injected new Forge block material BAMBOOMOD_DELUDE_HEIGHT with ID 220.
[10:59:09] [Server thread/INFO] [FML/]: Injected new Forge block material BAMBOOMOD_DELUDE_STAIR with ID 221.
[10:59:09] [Server thread/INFO] [FML/]: Injected new Forge block material BAMBOOMOD_CAMPFIRE with ID 222.
[10:59:09] [Server thread/INFO] [FML/]: Injected new Forge block material BAMBOOMOD_DECO with ID 223.
[10:59:09] [Server thread/INFO] [FML/]: Injected new Forge block material BAMBOOMOD_HALFDECO with ID 224.
[10:59:09] [Server thread/INFO] [FML/]: Injected new Forge block material BAMBOOMOD_TWODIRDECO with ID 225.
[10:59:09] [Server thread/INFO] [FML/]: Injected new Forge block material BAMBOOMOD_HALFTWODIRDECO with ID 226.
[10:59:09] [Server thread/INFO] [FML/]: Injected new Forge block material BAMBOOMOD_KAWARA_STAIR with ID 227.
[10:59:09] [Server thread/INFO] [FML/]: Injected new Forge block material BAMBOOMOD_WARA_STAIR with ID 228.
[10:59:09] [Server thread/INFO] [FML/]: Injected new Forge block material BAMBOOMOD_DECOCARPET with ID 229.
[10:59:09] [Server thread/INFO] [FML/]: Injected new Forge block material BAMBOOMOD_THICKSAKURAPILLAR with ID 230.
[10:59:09] [Server thread/INFO] [FML/]: Injected new Forge block material BAMBOOMOD_THINSAKURAPILLAR with ID 231.
[10:59:09] [Server thread/INFO] [FML/]: Injected new Forge block material BAMBOOMOD_THICKORCPILLAR with ID 232.
[10:59:09] [Server thread/INFO] [FML/]: Injected new Forge block material BAMBOOMOD_THINORCPILLAR with ID 233.
[10:59:09] [Server thread/INFO] [FML/]: Injected new Forge block material BAMBOOMOD_THICKSPRUCEPILLAR with ID 234.
[10:59:09] [Server thread/INFO] [FML/]: Injected new Forge block material BAMBOOMOD_THINSPRUCEPILLAR with ID 235.
[10:59:09] [Server thread/INFO] [FML/]: Injected new Forge block material BAMBOOMOD_DELUDE_PLATE with ID 236.
[10:59:09] [Server thread/INFO] [FML/]: Injected new Forge block material BAMBOOMOD_RICEPLANT with ID 237.
[10:59:09] [Server thread/INFO] [FML/]: Injected new Forge block material BAMBOOMOD_BAMBOOMILLSTONE with ID 238.
[10:59:09] [Server thread/INFO] [FML/]: Injected new Forge block material BAMBOOMOD_MANEKI with ID 239.
[10:59:09] [Server thread/INFO] [FML/]: Injected new Forge block material LOTSOFFOOD_GATEAUCHOCOBLOCK with ID 240.
[10:59:09] [Server thread/INFO] [FML/]: Injected new Forge block material LOTSOFFOOD_CHOCOSTAIRS with ID 241.
[10:59:09] [Server thread/INFO] [FML/]: Injected new Forge block material LOTSOFFOOD_GATEAUCAROTTEBLOCK with ID 242.
[10:59:09] [Server thread/INFO] [FML/]: Injected new Forge block material LOTSOFFOOD_CHOCOBLOC with ID 243.
[10:59:09] [Server thread/INFO] [FML/]: Injected new Forge block material LOTSOFFOOD_CARAM with ID 244.
[10:59:09] [Server thread/INFO] [FML/]: Injected new Forge block material LOTSOFFOOD_CHEESECAKEBLOCK with ID 245.
[10:59:09] [Server thread/INFO] [FML/]: Injected new Forge block material LOTSOFFOOD_COCOBLOC with ID 246.
[10:59:09] [Server thread/INFO] [FML/]: Injected new Forge block material LOTSOFFOOD_BRICKSUCRE with ID 247.
[10:59:09] [Server thread/INFO] [FML/]: Injected new Forge block material LOTSOFFOOD_CROPVIGNE with ID 248.
[10:59:09] [Server thread/INFO] [FML/]: Injected new Forge block material LOTSOFFOOD_POUSSECOCOTIER with ID 249.
[10:59:09] [Server thread/INFO] [FML/]: Injected new Forge block material LOTSOFFOOD_MACHINEGLACES with ID 250.
[10:59:09] [Server thread/INFO] [FML/]: Injected new Forge block material LOTSOFFOOD_TARTETATINBLOCK with ID 251.
[10:59:09] [Server thread/INFO] [FML/]: Injected new Forge block material LOTSOFFOOD_CARAMFENCE with ID 252.
[10:59:09] [Server thread/INFO] [FML/]: Injected new Forge block material LOTSOFFOOD_SUGARFENCE with ID 253.
[10:59:09] [Server thread/INFO] [FML/]: Injected new Forge block material LOTSOFFOOD_CROPPIMENT with ID 254.
[10:59:09] [Server thread/INFO] [FML/]: Injected new Forge block material LOTSOFFOOD_CHOCOFENCE with ID 255.
[10:59:09] [Server thread/INFO] [FML/]: Injected new Forge block material LOTSOFFOOD_SUGARSTAIRS with ID 409.
[10:59:09] [Server thread/INFO] [FML/]: Injected new Forge block material LOTSOFFOOD_CARAMSTAIRS with ID 410.
[10:59:09] [Server thread/INFO] [FML/]: Injected new Forge block material LOTSOFFOOD_ALGUEBLOC with ID 411.
[10:59:09] [Server thread/INFO] [FML/]: Injected new Forge item material FLAMMPFEIL_SLASHBLADE_PROUDSOUL with ID 4096.
[10:59:09] [Server thread/INFO] [FML/]: Injected new Forge item material FLAMMPFEIL_SLASHBLADE_SLASHBLADE with ID 4097.
[10:59:09] [Server thread/INFO] [FML/]: Injected new Forge item material FLAMMPFEIL_SLASHBLADE_SLASHBLADEWOOD with ID 4098.
[10:59:09] [Server thread/INFO] [FML/]: Injected new Forge item material FLAMMPFEIL_SLASHBLADE_SLASHBLADEBAMBOOLIGHT with ID 4099.
[10:59:09] [Server thread/INFO] [FML/]: Injected new Forge item material FLAMMPFEIL_SLASHBLADE_SLASHBLADESILVERBAMBOOLIGHT with ID 4100.
[10:59:09] [Server thread/INFO] [FML/]: Injected new Forge item material FLAMMPFEIL_SLASHBLADE_SLASHBLADEWHITE with ID 4101.
[10:59:09] [Server thread/INFO] [FML/]: Injected new Forge item material FLAMMPFEIL_SLASHBLADE_SLASHBLADEWRAPPER with ID 4102.
[10:59:09] [Server thread/INFO] [FML/]: Injected new Forge item material FLAMMPFEIL_SLASHBLADE_SLASHBLADENAMED with ID 4103.
[10:59:09] [Server thread/INFO] [FML/]: Injected new Forge item material CUSTOMNPCS_NPCWAND with ID 4104.
[10:59:09] [Server thread/INFO] [FML/]: Injected new Forge item material CUSTOMNPCS_NPCMOBCLONER with ID 4105.
[10:59:09] [Server thread/INFO] [FML/]: Injected new Forge item material CUSTOMNPCS_NPCSCRIPTER with ID 4106.
[10:59:09] [Server thread/INFO] [FML/]: Injected new Forge item material CUSTOMNPCS_NPCMOVINGPATH with ID 4107.
[10:59:09] [Server thread/INFO] [FML/]: Injected new Forge item material CUSTOMNPCS_NPCMOUNTER with ID 4108.
[10:59:09] [Server thread/INFO] [FML/]: Injected new Forge item material CUSTOMNPCS_NPCTELEPORTER with ID 4109.
[10:59:09] [Server thread/INFO] [FML/]: Injected new Forge item material CUSTOMNPCS_NPCWOODENGUN with ID 4110.
[10:59:09] [Server thread/INFO] [FML/]: Injected new Forge item material CUSTOMNPCS_NPCWOODENBULLET with ID 4111.
[10:59:09] [Server thread/INFO] [FML/]: Injected new Forge item material CUSTOMNPCS_NPCSTONEGUN with ID 4112.
[10:59:09] [Server thread/INFO] [FML/]: Injected new Forge item material CUSTOMNPCS_NPCSTONEBULLET with ID 4113.
[10:59:09] [Server thread/INFO] [FML/]: Injected new Forge item material CUSTOMNPCS_NPCIRONGUN with ID 4114.
[10:59:09] [Server thread/INFO] [FML/]: Injected new Forge item material CUSTOMNPCS_NPCIRONBULLET with ID 4115.
[10:59:09] [Server thread/INFO] [FML/]: Injected new Forge item material CUSTOMNPCS_NPCGOLDGUN with ID 4116.
[10:59:09] [Server thread/INFO] [FML/]: Injected new Forge item material CUSTOMNPCS_NPCGOLDENBULLET with ID 4117.
[10:59:09] [Server thread/INFO] [FML/]: Injected new Forge item material CUSTOMNPCS_NPCDIAMONDGUN with ID 4118.
[10:59:09] [Server thread/INFO] [FML/]: Injected new Forge item material CUSTOMNPCS_NPCDIAMONDBULLET with ID 4119.
[10:59:09] [Server thread/INFO] [FML/]: Injected new Forge item material CUSTOMNPCS_NPCBRONZEGUN with ID 4120.
[10:59:09] [Server thread/INFO] [FML/]: Injected new Forge item material CUSTOMNPCS_NPCBRONZEBULLET with ID 4121.
[10:59:09] [Server thread/INFO] [FML/]: Injected new Forge item material CUSTOMNPCS_NPCEMERALDGUN with ID 4122.
[10:59:09] [Server thread/INFO] [FML/]: Injected new Forge item material CUSTOMNPCS_NPCEMERALDBULLET with ID 4123.
[10:59:09] [Server thread/INFO] [FML/]: Injected new Forge item material CUSTOMNPCS_NPCMACHINEGUN with ID 4124.
[10:59:09] [Server thread/INFO] [FML/]: Injected new Forge item material CUSTOMNPCS_NPCBLACKBULLET with ID 4125.
[10:59:09] [Server thread/INFO] [FML/]: Injected new Forge item material CUSTOMNPCS_NPCWOODENTRIDENT with ID 4126.
[10:59:09] [Server thread/INFO] [FML/]: Injected new Forge item material CUSTOMNPCS_NPCSTONETRIDENT with ID 4127.
[10:59:09] [Server thread/INFO] [FML/]: Injected new Forge item material CUSTOMNPCS_NPCIRONTRIDENT with ID 4128.
[10:59:09] [Server thread/INFO] [FML/]: Injected new Forge item material CUSTOMNPCS_NPCGOLDTRIDENT with ID 4129.
[10:59:09] [Server thread/INFO] [FML/]: Injected new Forge item material CUSTOMNPCS_NPCDIAMONDTRIDENT with ID 4130.
[10:59:09] [Server thread/INFO] [FML/]: Injected new Forge item material CUSTOMNPCS_NPCBRONZETRIDENT with ID 4131.
[10:59:09] [Server thread/INFO] [FML/]: Injected new Forge item material CUSTOMNPCS_NPCEMERALDTRIDENT with ID 4132.
[10:59:09] [Server thread/INFO] [FML/]: Injected new Forge item material CUSTOMNPCS_NPCCURSEDTRIDENT with ID 4133.
[10:59:09] [Server thread/INFO] [FML/]: Injected new Forge item material CUSTOMNPCS_NPCDEMONICTRIDENT with ID 4134.
[10:59:09] [Server thread/INFO] [FML/]: Injected new Forge item material CUSTOMNPCS_NPCFROSTTRIDENT with ID 4135.
[10:59:09] [Server thread/INFO] [FML/]: Injected new Forge item material CUSTOMNPCS_NPCNATURESPELL with ID 4136.
[10:59:09] [Server thread/INFO] [FML/]: Injected new Forge item material CUSTOMNPCS_NPCARCANESPELL with ID 4137.
[10:59:09] [Server thread/INFO] [FML/]: Injected new Forge item material CUSTOMNPCS_NPCLIGHTNINGSPELL with ID 4138.
[10:59:09] [Server thread/INFO] [FML/]: Injected new Forge item material CUSTOMNPCS_NPCICESPELL with ID 4139.
[10:59:09] [Server thread/INFO] [FML/]: Injected new Forge item material CUSTOMNPCS_NPCFIRESPELL with ID 4140.
[10:59:09] [Server thread/INFO] [FML/]: Injected new Forge item material CUSTOMNPCS_NPCDARKSPELL with ID 4141.
[10:59:09] [Server thread/INFO] [FML/]: Injected new Forge item material CUSTOMNPCS_NPCHOLYSPELL with ID 4142.
[10:59:09] [Server thread/INFO] [FML/]: Injected new Forge item material CUSTOMNPCS_NPCORB with ID 4143.
[10:59:09] [Server thread/INFO] [FML/]: Injected new Forge item material CUSTOMNPCS_NPCMANA with ID 4144.
[10:59:09] [Server thread/INFO] [FML/]: Injected new Forge item material CUSTOMNPCS_NPCBROKENORB with ID 4145.
[10:59:09] [Server thread/INFO] [FML/]: Injected new Forge item material CUSTOMNPCS_NPCKUNAI with ID 4146.
[10:59:09] [Server thread/INFO] [FML/]: Injected new Forge item material CUSTOMNPCS_NPCREVERSEKUNAI with ID 4147.
[10:59:09] [Server thread/INFO] [FML/]: Injected new Forge item material CUSTOMNPCS_NPCSHURIKEN with ID 4148.
[10:59:09] [Server thread/INFO] [FML/]: Injected new Forge item material CUSTOMNPCS_NPCGIANTSHURIKEN with ID 4149.
[10:59:09] [Server thread/INFO] [FML/]: Injected new Forge item material CUSTOMNPCS_NPCKATANA with ID 4150.
[10:59:09] [Server thread/INFO] [FML/]: Injected new Forge item material CUSTOMNPCS_NPCKUKRI with ID 4151.
[10:59:09] [Server thread/INFO] [FML/]: Injected new Forge item material CUSTOMNPCS_NPCBRONZESWORD with ID 4152.
[10:59:09] [Server thread/INFO] [FML/]: Injected new Forge item material CUSTOMNPCS_NPCEMERALDSWORD with ID 4153.
[10:59:09] [Server thread/INFO] [FML/]: Injected new Forge item material CUSTOMNPCS_NPCDEMONICSWORD with ID 4154.
[10:59:09] [Server thread/INFO] [FML/]: Injected new Forge item material CUSTOMNPCS_NPCFROSTSWORD with ID 4155.
[10:59:09] [Server thread/INFO] [FML/]: Injected new Forge item material CUSTOMNPCS_NPCGOLFCLUB with ID 4156.
[10:59:09] [Server thread/INFO] [FML/]: Injected new Forge item material CUSTOMNPCS_NPCMAGICWAND with ID 4157.
[10:59:09] [Server thread/INFO] [FML/]: Injected new Forge item material CUSTOMNPCS_NPCCHICKENSWORD with ID 4158.
[10:59:09] [Server thread/INFO] [FML/]: Injected new Forge item material CUSTOMNPCS_NPCHANDCUFFS with ID 4159.
[10:59:09] [Server thread/INFO] [FML/]: Injected new Forge item material CUSTOMNPCS_NPCHAMMER with ID 4160.
[10:59:09] [Server thread/INFO] [FML/]: Injected new Forge item material CUSTOMNPCS_NPCBASEBALLBAT with ID 4161.
[10:59:09] [Server thread/INFO] [FML/]: Injected new Forge item material CUSTOMNPCS_NPCLEADPIPE with ID 4162.
[10:59:09] [Server thread/INFO] [FML/]: Injected new Forge item material CUSTOMNPCS_NPCCLEAVER with ID 4163.
[10:59:09] [Server thread/INFO] [FML/]: Injected new Forge item material CUSTOMNPCS_NPCSABER with ID 4164.
[10:59:09] [Server thread/INFO] [FML/]: Injected new Forge item material CUSTOMNPCS_NPCHOCKEYSTICK with ID 4165.
[10:59:09] [Server thread/INFO] [FML/]: Injected new Forge item material CUSTOMNPCS_NPCSLEDGEHAMMER with ID 4166.
[10:59:09] [Server thread/INFO] [FML/]: Injected new Forge item material CUSTOMNPCS_NPCBROKENBOTTLE with ID 4167.
[10:59:09] [Server thread/INFO] [FML/]: Injected new Forge item material CUSTOMNPCS_NPCCOMBATKNIVE with ID 4168.
[10:59:09] [Server thread/INFO] [FML/]: Injected new Forge item material CUSTOMNPCS_NPCMACUAHUITL with ID 4169.
[10:59:09] [Server thread/INFO] [FML/]: Injected new Forge item material CUSTOMNPCS_NPCBOSTAFF with ID 4170.
[10:59:09] [Server thread/INFO] [FML/]: Injected new Forge item material CUSTOMNPCS_NPCSAIBLADE with ID 4171.
[10:59:09] [Server thread/INFO] [FML/]: Injected new Forge item material CUSTOMNPCS_NPCSLINGSHOT with ID 4172.
[10:59:09] [Server thread/INFO] [FML/]: Injected new Forge item material CUSTOMNPCS_NPCMUSKET with ID 4173.
[10:59:09] [Server thread/INFO] [FML/]: Injected new Forge item material CUSTOMNPCS_NPCLEAFBLADE with ID 4174.
[10:59:09] [Server thread/INFO] [FML/]: Injected new Forge item material CUSTOMNPCS_NPCCROSSBOW with ID 4175.
[10:59:09] [Server thread/INFO] [FML/]: Injected new Forge item material CUSTOMNPCS_NPCCROSSBOLT with ID 4176.
[10:59:09] [Server thread/INFO] [FML/]: Injected new Forge item material CUSTOMNPCS_NPCBATTON with ID 4177.
[10:59:09] [Server thread/INFO] [FML/]: Injected new Forge item material CUSTOMNPCS_NPCGUNCHAINSAW with ID 4178.
[10:59:09] [Server thread/INFO] [FML/]: Injected new Forge item material CUSTOMNPCS_NPCRAPIER with ID 4179.
[10:59:09] [Server thread/INFO] [FML/]: Injected new Forge item material CUSTOMNPCS_NPCCROWBAR with ID 4180.
[10:59:09] [Server thread/INFO] [FML/]: Injected new Forge item material CUSTOMNPCS_NPCPIPEWRENCH with ID 4181.
[10:59:09] [Server thread/INFO] [FML/]: Injected new Forge item material CUSTOMNPCS_NPCSWISSARMYKNIFE with ID 4182.
[10:59:09] [Server thread/INFO] [FML/]: Injected new Forge item material CUSTOMNPCS_NPCWRENCH with ID 4183.
[10:59:09] [Server thread/INFO] [FML/]: Injected new Forge item material CUSTOMNPCS_NPCEXCALIBUR with ID 4184.
[10:59:09] [Server thread/INFO] [FML/]: Injected new Forge item material CUSTOMNPCS_NPCWOODENSHIELD with ID 4185.
[10:59:09] [Server thread/INFO] [FML/]: Injected new Forge item material CUSTOMNPCS_NPCSTONESHIELD with ID 4186.
[10:59:09] [Server thread/INFO] [FML/]: Injected new Forge item material CUSTOMNPCS_NPCIRONSHIELD with ID 4187.
[10:59:09] [Server thread/INFO] [FML/]: Injected new Forge item material CUSTOMNPCS_NPCGOLDENSHIELD with ID 4188.
[10:59:09] [Server thread/INFO] [FML/]: Injected new Forge item material CUSTOMNPCS_NPCDIASHIELD with ID 4189.
[10:59:09] [Server thread/INFO] [FML/]: Injected new Forge item material CUSTOMNPCS_NPCBRONZESHIELD with ID 4190.
[10:59:09] [Server thread/INFO] [FML/]: Injected new Forge item material CUSTOMNPCS_NPCEMERALDSHIELD with ID 4191.
[10:59:09] [Server thread/INFO] [FML/]: Injected new Forge item material CUSTOMNPCS_NPCDEMONICSHIELD with ID 4192.
[10:59:09] [Server thread/INFO] [FML/]: Injected new Forge item material CUSTOMNPCS_NPCFROSTSHIELD with ID 4193.
[10:59:09] [Server thread/INFO] [FML/]: Injected new Forge item material CUSTOMNPCS_NPCFULLWOODENSHIELD with ID 4194.
[10:59:09] [Server thread/INFO] [FML/]: Injected new Forge item material CUSTOMNPCS_NPCFULLSTONESHIELD with ID 4195.
[10:59:09] [Server thread/INFO] [FML/]: Injected new Forge item material CUSTOMNPCS_NPCFULLIRONSHIELD with ID 4196.
[10:59:09] [Server thread/INFO] [FML/]: Injected new Forge item material CUSTOMNPCS_NPCFULLGOLDENSHIELD with ID 4197.
[10:59:09] [Server thread/INFO] [FML/]: Injected new Forge item material CUSTOMNPCS_NPCFULLDIASHIELD with ID 4198.
[10:59:09] [Server thread/INFO] [FML/]: Injected new Forge item material CUSTOMNPCS_NPCFULLBRONZESHIELD with ID 4199.
[10:59:09] [Server thread/INFO] [FML/]: Injected new Forge item material CUSTOMNPCS_NPCFULLEMERALDSHIELD with ID 4200.
[10:59:09] [Server thread/INFO] [FML/]: Injected new Forge item material CUSTOMNPCS_NPCHEATERSHIELD with ID 4201.
[10:59:09] [Server thread/INFO] [FML/]: Injected new Forge item material CUSTOMNPCS_NPCCRYSCENTSHIELD with ID 4202.
[10:59:09] [Server thread/INFO] [FML/]: Injected new Forge item material CUSTOMNPCS_NPCSCUTUMSHIELD with ID 4203.
[10:59:09] [Server thread/INFO] [FML/]: Injected new Forge item material CUSTOMNPCS_NPCTOWERSHIELD with ID 4204.
[10:59:09] [Server thread/INFO] [FML/]: Injected new Forge item material CUSTOMNPCS_NPCWOODENSPEAR with ID 4205.
[10:59:09] [Server thread/INFO] [FML/]: Injected new Forge item material CUSTOMNPCS_NPCSTONESPEAR with ID 4206.
[10:59:09] [Server thread/INFO] [FML/]: Injected new Forge item material CUSTOMNPCS_NPCIRONSPEAR with ID 4207.
[10:59:09] [Server thread/INFO] [FML/]: Injected new Forge item material CUSTOMNPCS_NPCGOLDENSPEAR with ID 4208.
[10:59:09] [Server thread/INFO] [FML/]: Injected new Forge item material CUSTOMNPCS_NPCDIAMONDSPEAR with ID 4209.
[10:59:09] [Server thread/INFO] [FML/]: Injected new Forge item material CUSTOMNPCS_NPCBRONZESPEAR with ID 4210.
[10:59:09] [Server thread/INFO] [FML/]: Injected new Forge item material CUSTOMNPCS_NPCEMERALDSPEAR with ID 4211.
[10:59:09] [Server thread/INFO] [FML/]: Injected new Forge item material CUSTOMNPCS_NPCDEMONICSPEAR with ID 4212.
[10:59:09] [Server thread/INFO] [FML/]: Injected new Forge item material CUSTOMNPCS_NPCFROSTSPEAR with ID 4213.
[10:59:09] [Server thread/INFO] [FML/]: Injected new Forge item material CUSTOMNPCS_NPCWOODENHALBERD with ID 4214.
[10:59:09] [Server thread/INFO] [FML/]: Injected new Forge item material CUSTOMNPCS_NPCSTONEHALBERD with ID 4215.
[10:59:09] [Server thread/INFO] [FML/]: Injected new Forge item material CUSTOMNPCS_NPCIRONHALBERD with ID 4216.
[10:59:09] [Server thread/INFO] [FML/]: Injected new Forge item material CUSTOMNPCS_NPCGOLDENHALBERD with ID 4217.
[10:59:09] [Server thread/INFO] [FML/]: Injected new Forge item material CUSTOMNPCS_NPCDIAMONDHALBERD with ID 4218.
[10:59:09] [Server thread/INFO] [FML/]: Injected new Forge item material CUSTOMNPCS_NPCBRONZEHALBERD with ID 4219.
[10:59:09] [Server thread/INFO] [FML/]: Injected new Forge item material CUSTOMNPCS_NPCEMERALDHALBERD with ID 4220.
[10:59:09] [Server thread/INFO] [FML/]: Injected new Forge item material CUSTOMNPCS_NPCDEMONICHALBERD with ID 4221.
[10:59:09] [Server thread/INFO] [FML/]: Injected new Forge item material CUSTOMNPCS_NPCFROSTHALBERD with ID 4222.
[10:59:09] [Server thread/INFO] [FML/]: Injected new Forge item material CUSTOMNPCS_NPCWOODENBATTLEAXE with ID 4223.
[10:59:09] [Server thread/INFO] [FML/]: Injected new Forge item material CUSTOMNPCS_NPCSTONEBATTLEAXE with ID 4224.
[10:59:09] [Server thread/INFO] [FML/]: Injected new Forge item material CUSTOMNPCS_NPCIRONBATTLEAXE with ID 4225.
[10:59:09] [Server thread/INFO] [FML/]: Injected new Forge item material CUSTOMNPCS_NPCGOLDENBATTLEAXE with ID 4226.
[10:59:09] [Server thread/INFO] [FML/]: Injected new Forge item material CUSTOMNPCS_NPCDIAMONDBATTLEAXE with ID 4227.
[10:59:09] [Server thread/INFO] [FML/]: Injected new Forge item material CUSTOMNPCS_NPCBRONZEBATTLEAXE with ID 4228.
[10:59:09] [Server thread/INFO] [FML/]: Injected new Forge item material CUSTOMNPCS_NPCEMERALDBATTLEAXE with ID 4229.
[10:59:09] [Server thread/INFO] [FML/]: Injected new Forge item material CUSTOMNPCS_NPCDEMONICBATTLEAXE with ID 4230.
[10:59:09] [Server thread/INFO] [FML/]: Injected new Forge item material CUSTOMNPCS_NPCFROSTBATTLEAXE with ID 4231.
[10:59:09] [Server thread/INFO] [FML/]: Injected new Forge item material CUSTOMNPCS_NPCWOODENWARHAMMER with ID 4232.
[10:59:09] [Server thread/INFO] [FML/]: Injected new Forge item material CUSTOMNPCS_NPCSTONEWARHAMMER with ID 4233.
[10:59:09] [Server thread/INFO] [FML/]: Injected new Forge item material CUSTOMNPCS_NPCIRONWARHAMMER with ID 4234.
[10:59:09] [Server thread/INFO] [FML/]: Injected new Forge item material CUSTOMNPCS_NPCGOLDENWARHAMMER with ID 4235.
[10:59:09] [Server thread/INFO] [FML/]: Injected new Forge item material CUSTOMNPCS_NPCDIAMONDWARHAMMER with ID 4236.
[10:59:09] [Server thread/INFO] [FML/]: Injected new Forge item material CUSTOMNPCS_NPCBRONZEWARHAMMER with ID 4237.
[10:59:09] [Server thread/INFO] [FML/]: Injected new Forge item material CUSTOMNPCS_NPCEMERALDWARHAMMER with ID 4238.
[10:59:09] [Server thread/INFO] [FML/]: Injected new Forge item material CUSTOMNPCS_NPCDEMONICWARHAMMER with ID 4239.
[10:59:09] [Server thread/INFO] [FML/]: Injected new Forge item material CUSTOMNPCS_NPCFROSTWARHAMMER with ID 4240.
[10:59:09] [Server thread/INFO] [FML/]: Injected new Forge item material CUSTOMNPCS_NPCWOODENMACE with ID 4241.
[10:59:09] [Server thread/INFO] [FML/]: Injected new Forge item material CUSTOMNPCS_NPCSTONEMACE with ID 4242.
[10:59:09] [Server thread/INFO] [FML/]: Injected new Forge item material CUSTOMNPCS_NPCIRONMACE with ID 4243.
[10:59:09] [Server thread/INFO] [FML/]: Injected new Forge item material CUSTOMNPCS_NPCGOLDENMACE with ID 4244.
[10:59:09] [Server thread/INFO] [FML/]: Injected new Forge item material CUSTOMNPCS_NPCDIAMONDMACE with ID 4245.
[10:59:09] [Server thread/INFO] [FML/]: Injected new Forge item material CUSTOMNPCS_NPCBRONZEMACE with ID 4246.
[10:59:09] [Server thread/INFO] [FML/]: Injected new Forge item material CUSTOMNPCS_NPCEMERALDMACE with ID 4247.
[10:59:09] [Server thread/INFO] [FML/]: Injected new Forge item material CUSTOMNPCS_NPCDEMONICMACE with ID 4248.
[10:59:09] [Server thread/INFO] [FML/]: Injected new Forge item material CUSTOMNPCS_NPCFROSTMACE with ID 4249.
[10:59:09] [Server thread/INFO] [FML/]: Injected new Forge item material CUSTOMNPCS_NPCWOODENDAGGER with ID 4250.
[10:59:09] [Server thread/INFO] [FML/]: Injected new Forge item material CUSTOMNPCS_NPCWOODENREVERSEDDAGGER with ID 4251.
[10:59:09] [Server thread/INFO] [FML/]: Injected new Forge item material CUSTOMNPCS_NPCSTONEDAGGER with ID 4252.
[10:59:09] [Server thread/INFO] [FML/]: Injected new Forge item material CUSTOMNPCS_NPCSTONEREVERSEDDAGGER with ID 4253.
[10:59:09] [Server thread/INFO] [FML/]: Injected new Forge item material CUSTOMNPCS_NPCIRONDAGGER with ID 4254.
[10:59:09] [Server thread/INFO] [FML/]: Injected new Forge item material CUSTOMNPCS_NPCIRONREVERSEDDAGGER with ID 4255.
[10:59:09] [Server thread/INFO] [FML/]: Injected new Forge item material CUSTOMNPCS_NPCGOLDENDAGGER with ID 4256.
[10:59:09] [Server thread/INFO] [FML/]: Injected new Forge item material CUSTOMNPCS_NPCGOLDENREVERSEDDAGGER with ID 4257.
[10:59:09] [Server thread/INFO] [FML/]: Injected new Forge item material CUSTOMNPCS_NPCDIAMONDDAGGER with ID 4258.
[10:59:09] [Server thread/INFO] [FML/]: Injected new Forge item material CUSTOMNPCS_NPCDIAMONDREVERSEDDAGGER with ID 4259.
[10:59:09] [Server thread/INFO] [FML/]: Injected new Forge item material CUSTOMNPCS_NPCBRONZEDAGGER with ID 4260.
[10:59:09] [Server thread/INFO] [FML/]: Injected new Forge item material CUSTOMNPCS_NPCBRONZEREVERSEDDAGGER with ID 4261.
[10:59:09] [Server thread/INFO] [FML/]: Injected new Forge item material CUSTOMNPCS_NPCEMERALDDAGGER with ID 4262.
[10:59:09] [Server thread/INFO] [FML/]: Injected new Forge item material CUSTOMNPCS_NPCEMERALDREVERSEDDAGGER with ID 4263.
[10:59:09] [Server thread/INFO] [FML/]: Injected new Forge item material CUSTOMNPCS_NPCDEMONICDAGGER with ID 4264.
[10:59:09] [Server thread/INFO] [FML/]: Injected new Forge item material CUSTOMNPCS_NPCDEMONICREVERSEDDAGGER with ID 4265.
[10:59:09] [Server thread/INFO] [FML/]: Injected new Forge item material CUSTOMNPCS_NPCFROSTDAGGER with ID 4266.
[10:59:09] [Server thread/INFO] [FML/]: Injected new Forge item material CUSTOMNPCS_NPCFROSTREVERSEDDAGGER with ID 4267.
[10:59:09] [Server thread/INFO] [FML/]: Injected new Forge item material CUSTOMNPCS_NPCNINJACLAW with ID 4268.
[10:59:09] [Server thread/INFO] [FML/]: Injected new Forge item material CUSTOMNPCS_NPCSTEELCLAW with ID 4269.
[10:59:09] [Server thread/INFO] [FML/]: Injected new Forge item material CUSTOMNPCS_NPCBEARCLAW with ID 4270.
[10:59:09] [Server thread/INFO] [FML/]: Injected new Forge item material CUSTOMNPCS_NPCKATAR with ID 4271.
[10:59:09] [Server thread/INFO] [FML/]: Injected new Forge item material CUSTOMNPCS_NPCWOODENSTAFF with ID 4272.
[10:59:09] [Server thread/INFO] [FML/]: Injected new Forge item material CUSTOMNPCS_NPCSTONESTAFF with ID 4273.
[10:59:09] [Server thread/INFO] [FML/]: Injected new Forge item material CUSTOMNPCS_NPCIRONSTAFF with ID 4274.
[10:59:09] [Server thread/INFO] [FML/]: Injected new Forge item material CUSTOMNPCS_NPCGOLDENSTAFF with ID 4275.
[10:59:09] [Server thread/INFO] [FML/]: Injected new Forge item material CUSTOMNPCS_NPCDIAMONDSTAFF with ID 4276.
[10:59:09] [Server thread/INFO] [FML/]: Injected new Forge item material CUSTOMNPCS_NPCBRONZESTAFF with ID 4277.
[10:59:09] [Server thread/INFO] [FML/]: Injected new Forge item material CUSTOMNPCS_NPCEMERALDSTAFF with ID 4278.
[10:59:09] [Server thread/INFO] [FML/]: Injected new Forge item material CUSTOMNPCS_NPCDEMONICSTAFF with ID 4279.
[10:59:09] [Server thread/INFO] [FML/]: Injected new Forge item material CUSTOMNPCS_NPCFROSTSTAFF with ID 4280.
[10:59:09] [Server thread/INFO] [FML/]: Injected new Forge item material CUSTOMNPCS_NPCELEMENTALSTAFF with ID 4281.
[10:59:09] [Server thread/INFO] [FML/]: Injected new Forge item material CUSTOMNPCS_NPCWOODENSCYTHE with ID 4282.
[10:59:09] [Server thread/INFO] [FML/]: Injected new Forge item material CUSTOMNPCS_NPCSTONESCYTHE with ID 4283.
[10:59:09] [Server thread/INFO] [FML/]: Injected new Forge item material CUSTOMNPCS_NPCIRONSCYTHE with ID 4284.
[10:59:09] [Server thread/INFO] [FML/]: Injected new Forge item material CUSTOMNPCS_NPCGOLDENSCYTHE with ID 4285.
[10:59:09] [Server thread/INFO] [FML/]: Injected new Forge item material CUSTOMNPCS_NPCDIAMONDSCYTHE with ID 4286.
[10:59:09] [Server thread/INFO] [FML/]: Injected new Forge item material CUSTOMNPCS_NPCEMERALDSCYTHE with ID 4287.
[10:59:09] [Server thread/INFO] [FML/]: Injected new Forge item material CUSTOMNPCS_NPCBRONZESCYTHE with ID 4288.
[10:59:09] [Server thread/INFO] [FML/]: Injected new Forge item material CUSTOMNPCS_NPCDEMONICSCYTHE with ID 4289.
[10:59:09] [Server thread/INFO] [FML/]: Injected new Forge item material CUSTOMNPCS_NPCFROSTSCYTHE with ID 4290.
[10:59:09] [Server thread/INFO] [FML/]: Injected new Forge item material CUSTOMNPCS_NPCWOODENGLAIVE with ID 4291.
[10:59:09] [Server thread/INFO] [FML/]: Injected new Forge item material CUSTOMNPCS_NPCSTONEGLAIVE with ID 4292.
[10:59:09] [Server thread/INFO] [FML/]: Injected new Forge item material CUSTOMNPCS_NPCIRONGLAIVE with ID 4293.
[10:59:09] [Server thread/INFO] [FML/]: Injected new Forge item material CUSTOMNPCS_NPCGOLDENGLAIVE with ID 4294.
[10:59:09] [Server thread/INFO] [FML/]: Injected new Forge item material CUSTOMNPCS_NPCDIAMONDGLAIVE with ID 4295.
[10:59:09] [Server thread/INFO] [FML/]: Injected new Forge item material CUSTOMNPCS_NPCBRONZEGLAIVE with ID 4296.
[10:59:09] [Server thread/INFO] [FML/]: Injected new Forge item material CUSTOMNPCS_NPCEMERALDGLAIVE with ID 4297.
[10:59:09] [Server thread/INFO] [FML/]: Injected new Forge item material CUSTOMNPCS_NPCDEMONICGLAIVE with ID 4298.
[10:59:09] [Server thread/INFO] [FML/]: Injected new Forge item material CUSTOMNPCS_NPCFROSTGLAIVE with ID 4299.
[10:59:09] [Server thread/INFO] [FML/]: Injected new Forge item material CUSTOMNPCS_NPCCOWLEATHERHEAD with ID 4300.
[10:59:09] [Server thread/INFO] [FML/]: Injected new Forge item material CUSTOMNPCS_NPCCOWLEATHERCHEST with ID 4301.
[10:59:09] [Server thread/INFO] [FML/]: Injected new Forge item material CUSTOMNPCS_NPCCOWLEATHERLEGS with ID 4302.
[10:59:09] [Server thread/INFO] [FML/]: Injected new Forge item material CUSTOMNPCS_NPCCOWLEATHERBOOTS with ID 4303.
[10:59:09] [Server thread/INFO] [FML/]: Injected new Forge item material CUSTOMNPCS_NPCNANORUMHEAD with ID 4304.
[10:59:09] [Server thread/INFO] [FML/]: Injected new Forge item material CUSTOMNPCS_NPCNANORUMCHEST with ID 4305.
[10:59:09] [Server thread/INFO] [FML/]: Injected new Forge item material CUSTOMNPCS_NPCNANORUMLEGS with ID 4306.
[10:59:09] [Server thread/INFO] [FML/]: Injected new Forge item material CUSTOMNPCS_NPCNANORUMBOOTS with ID 4307.
[10:59:09] [Server thread/INFO] [FML/]: Injected new Forge item material CUSTOMNPCS_NPCTACTICALHEAD with ID 4308.
[10:59:09] [Server thread/INFO] [FML/]: Injected new Forge item material CUSTOMNPCS_NPCTACTICALCHEST with ID 4309.
[10:59:09] [Server thread/INFO] [FML/]: Injected new Forge item material CUSTOMNPCS_NPCFULLLEATHERHEAD with ID 4310.
[10:59:09] [Server thread/INFO] [FML/]: Injected new Forge item material CUSTOMNPCS_NPCFULLLEATHERCHEST with ID 4311.
[10:59:09] [Server thread/INFO] [FML/]: Injected new Forge item material CUSTOMNPCS_NPCFULLIRONHEAD with ID 4312.
[10:59:09] [Server thread/INFO] [FML/]: Injected new Forge item material CUSTOMNPCS_NPCFULLIRONCHEST with ID 4313.
[10:59:09] [Server thread/INFO] [FML/]: Injected new Forge item material CUSTOMNPCS_NPCFULLGOLDHEAD with ID 4314.
[10:59:09] [Server thread/INFO] [FML/]: Injected new Forge item material CUSTOMNPCS_NPCFULLGOLDCHEST with ID 4315.
[10:59:09] [Server thread/INFO] [FML/]: Injected new Forge item material CUSTOMNPCS_NPCFULLDIAMONDHEAD with ID 4316.
[10:59:09] [Server thread/INFO] [FML/]: Injected new Forge item material CUSTOMNPCS_NPCFULLDIAMONDCHEST with ID 4317.
[10:59:09] [Server thread/INFO] [FML/]: Injected new Forge item material CUSTOMNPCS_NPCFULLBRONZEHEAD with ID 4318.
[10:59:09] [Server thread/INFO] [FML/]: Injected new Forge item material CUSTOMNPCS_NPCFULLBRONZECHEST with ID 4319.
[10:59:09] [Server thread/INFO] [FML/]: Injected new Forge item material CUSTOMNPCS_NPCFULLBRONZELEGGINGS with ID 4320.
[10:59:09] [Server thread/INFO] [FML/]: Injected new Forge item material CUSTOMNPCS_NPCFULLBRONZEBOOTS with ID 4321.
[10:59:09] [Server thread/INFO] [FML/]: Injected new Forge item material CUSTOMNPCS_NPCFULLEMERALDHEAD with ID 4322.
[10:59:09] [Server thread/INFO] [FML/]: Injected new Forge item material CUSTOMNPCS_NPCFULLEMERALDCHEST with ID 4323.
[10:59:09] [Server thread/INFO] [FML/]: Injected new Forge item material CUSTOMNPCS_NPCFULLEMERALDLEGGINGS with ID 4324.
[10:59:09] [Server thread/INFO] [FML/]: Injected new Forge item material CUSTOMNPCS_NPCFULLEMERALDBOOTS with ID 4325.
[10:59:09] [Server thread/INFO] [FML/]: Injected new Forge item material CUSTOMNPCS_NPCFULLWOODENHEAD with ID 4326.
[10:59:09] [Server thread/INFO] [FML/]: Injected new Forge item material CUSTOMNPCS_NPCFULLWOODENCHEST with ID 4327.
[10:59:09] [Server thread/INFO] [FML/]: Injected new Forge item material CUSTOMNPCS_NPCFULLWOODENLEGGINGS with ID 4328.
[10:59:09] [Server thread/INFO] [FML/]: Injected new Forge item material CUSTOMNPCS_NPCFULLWOODENBOOTS with ID 4329.
[10:59:09] [Server thread/INFO] [FML/]: Injected new Forge item material CUSTOMNPCS_NPCTUXEDOCHEST with ID 4330.
[10:59:09] [Server thread/INFO] [FML/]: Injected new Forge item material CUSTOMNPCS_NPCTUXEDOPANTS with ID 4331.
[10:59:09] [Server thread/INFO] [FML/]: Injected new Forge item material CUSTOMNPCS_NPCTUXEDOBOTTOM with ID 4332.
[10:59:09] [Server thread/INFO] [FML/]: Injected new Forge item material CUSTOMNPCS_NPCWIZARDHEAD with ID 4333.
[10:59:09] [Server thread/INFO] [FML/]: Injected new Forge item material CUSTOMNPCS_NPCWIZARDCHEST with ID 4334.
[10:59:09] [Server thread/INFO] [FML/]: Injected new Forge item material CUSTOMNPCS_NPCWIZARDPANTS with ID 4335.
[10:59:09] [Server thread/INFO] [FML/]: Injected new Forge item material CUSTOMNPCS_NPCASSASSINHEAD with ID 4336.
[10:59:09] [Server thread/INFO] [FML/]: Injected new Forge item material CUSTOMNPCS_NPCASSASSINCHEST with ID 4337.
[10:59:09] [Server thread/INFO] [FML/]: Injected new Forge item material CUSTOMNPCS_NPCASSASSINLEGGINGS with ID 4338.
[10:59:09] [Server thread/INFO] [FML/]: Injected new Forge item material CUSTOMNPCS_NPCASSASSINBOOTS with ID 4339.
[10:59:09] [Server thread/INFO] [FML/]: Injected new Forge item material CUSTOMNPCS_NPCSOLDIERHEAD with ID 4340.
[10:59:09] [Server thread/INFO] [FML/]: Injected new Forge item material CUSTOMNPCS_NPCSOLDIERCHEST with ID 4341.
[10:59:09] [Server thread/INFO] [FML/]: Injected new Forge item material CUSTOMNPCS_NPCSOLDIERLEGS with ID 4342.
[10:59:09] [Server thread/INFO] [FML/]: Injected new Forge item material CUSTOMNPCS_NPCSOLDIERBOTTOM with ID 4343.
[10:59:09] [Server thread/INFO] [FML/]: Injected new Forge item material CUSTOMNPCS_NPCX407HEAD with ID 4344.
[10:59:09] [Server thread/INFO] [FML/]: Injected new Forge item material CUSTOMNPCS_NPCX407CHEST with ID 4345.
[10:59:09] [Server thread/INFO] [FML/]: Injected new Forge item material CUSTOMNPCS_NPCX407LEGS with ID 4346.
[10:59:09] [Server thread/INFO] [FML/]: Injected new Forge item material CUSTOMNPCS_NPCX407BOOTS with ID 4347.
[10:59:09] [Server thread/INFO] [FML/]: Injected new Forge item material CUSTOMNPCS_NPCCOMMISSARHEAD with ID 4348.
[10:59:09] [Server thread/INFO] [FML/]: Injected new Forge item material CUSTOMNPCS_NPCCOMMISSARCHEST with ID 4349.
[10:59:09] [Server thread/INFO] [FML/]: Injected new Forge item material CUSTOMNPCS_NPCCOMMISSARLEGS with ID 4350.
[10:59:09] [Server thread/INFO] [FML/]: Injected new Forge item material CUSTOMNPCS_NPCCOMMISSARBOTTOM with ID 4351.
[10:59:09] [Server thread/INFO] [FML/]: Injected new Forge item material CUSTOMNPCS_NPCINFANTRYHELMET with ID 4352.
[10:59:09] [Server thread/INFO] [FML/]: Injected new Forge item material CUSTOMNPCS_NPCOFFICERCHEST with ID 4353.
[10:59:09] [Server thread/INFO] [FML/]: Injected new Forge item material CUSTOMNPCS_NPCCROWN2 with ID 4354.
[10:59:09] [Server thread/INFO] [FML/]: Injected new Forge item material CUSTOMNPCS_NPCCROWN with ID 4355.
[10:59:09] [Server thread/INFO] [FML/]: Injected new Forge item material CUSTOMNPCS_NPCPAPERCROWN with ID 4356.
[10:59:09] [Server thread/INFO] [FML/]: Injected new Forge item material CUSTOMNPCS_NPCNINJAHEAD with ID 4357.
[10:59:09] [Server thread/INFO] [FML/]: Injected new Forge item material CUSTOMNPCS_NPCNINJACHEST with ID 4358.
[10:59:09] [Server thread/INFO] [FML/]: Injected new Forge item material CUSTOMNPCS_NPCNINJAPANTS with ID 4359.
[10:59:09] [Server thread/INFO] [FML/]: Injected new Forge item material CUSTOMNPCS_NPCCHAINSKIRT with ID 4360.
[10:59:09] [Server thread/INFO] [FML/]: Injected new Forge item material CUSTOMNPCS_NPCLEATHERSKIRT with ID 4361.
[10:59:09] [Server thread/INFO] [FML/]: Injected new Forge item material CUSTOMNPCS_NPCGOLDSKIRT with ID 4362.
[10:59:09] [Server thread/INFO] [FML/]: Injected new Forge item material CUSTOMNPCS_NPCIRONSKIRT with ID 4363.
[10:59:09] [Server thread/INFO] [FML/]: Injected new Forge item material CUSTOMNPCS_NPCDIAMONDSKIRT with ID 4364.
[10:59:09] [Server thread/INFO] [FML/]: Injected new Forge item material CUSTOMNPCS_NPCBANJO with ID 4365.
[10:59:09] [Server thread/INFO] [FML/]: Injected new Forge item material CUSTOMNPCS_NPCVIOLIN with ID 4366.
[10:59:09] [Server thread/INFO] [FML/]: Injected new Forge item material CUSTOMNPCS_NPCVIOLINBOW with ID 4367.
[10:59:09] [Server thread/INFO] [FML/]: Injected new Forge item material CUSTOMNPCS_NPCHARP with ID 4368.
[10:59:09] [Server thread/INFO] [FML/]: Injected new Forge item material CUSTOMNPCS_NPCGUITAR with ID 4369.
[10:59:09] [Server thread/INFO] [FML/]: Injected new Forge item material CUSTOMNPCS_NPCFRENCHHORN with ID 4370.
[10:59:09] [Server thread/INFO] [FML/]: Injected new Forge item material CUSTOMNPCS_NPCOCARINA with ID 4371.
[10:59:09] [Server thread/INFO] [FML/]: Injected new Forge item material CUSTOMNPCS_NPCCLARINET with ID 4372.
[10:59:09] [Server thread/INFO] [FML/]: Injected new Forge item material CUSTOMNPCS_NPCCOINWOODEN with ID 4373.
[10:59:09] [Server thread/INFO] [FML/]: Injected new Forge item material CUSTOMNPCS_NPCCOINSTONE with ID 4374.
[10:59:09] [Server thread/INFO] [FML/]: Injected new Forge item material CUSTOMNPCS_NPCCOINBRONZE with ID 4375.
[10:59:09] [Server thread/INFO] [FML/]: Injected new Forge item material CUSTOMNPCS_NPCCOINIRON with ID 4376.
[10:59:09] [Server thread/INFO] [FML/]: Injected new Forge item material CUSTOMNPCS_NPCCOINGOLD with ID 4377.
[10:59:09] [Server thread/INFO] [FML/]: Injected new Forge item material CUSTOMNPCS_NPCCOINDIAMOND with ID 4378.
[10:59:09] [Server thread/INFO] [FML/]: Injected new Forge item material CUSTOMNPCS_NPCCOINEMERALD with ID 4379.
[10:59:09] [Server thread/INFO] [FML/]: Injected new Forge item material CUSTOMNPCS_NPCANCIENTCOIN with ID 4380.
[10:59:09] [Server thread/INFO] [FML/]: Injected new Forge item material CUSTOMNPCS_NPCLETTER with ID 4381.
[10:59:09] [Server thread/INFO] [FML/]: Injected new Forge item material CUSTOMNPCS_NPCPLANS with ID 4382.
[10:59:09] [Server thread/INFO] [FML/]: Injected new Forge item material CUSTOMNPCS_NPCSATCHEL with ID 4383.
[10:59:09] [Server thread/INFO] [FML/]: Injected new Forge item material CUSTOMNPCS_NPCBAG with ID 4384.
[10:59:09] [Server thread/INFO] [FML/]: Injected new Forge item material CUSTOMNPCS_NPCCRYSTAL with ID 4385.
[10:59:09] [Server thread/INFO] [FML/]: Injected new Forge item material CUSTOMNPCS_NPCSEVEREDEAR with ID 4386.
[10:59:09] [Server thread/INFO] [FML/]: Injected new Forge item material CUSTOMNPCS_NPCPHONE with ID 4387.
[10:59:09] [Server thread/INFO] [FML/]: Injected new Forge item material CUSTOMNPCS_NPCBANDITMASK with ID 4388.
[10:59:09] [Server thread/INFO] [FML/]: Injected new Forge item material CUSTOMNPCS_NPCBROKENARROW with ID 4389.
[10:59:09] [Server thread/INFO] [FML/]: Injected new Forge item material CUSTOMNPCS_NPCEARTHELEMENT with ID 4390.
[10:59:09] [Server thread/INFO] [FML/]: Injected new Forge item material CUSTOMNPCS_NPCWATERELEMENT with ID 4391.
[10:59:09] [Server thread/INFO] [FML/]: Injected new Forge item material CUSTOMNPCS_NPCFIREELEMENT with ID 4392.
[10:59:09] [Server thread/INFO] [FML/]: Injected new Forge item material CUSTOMNPCS_NPCAIRELEMENT with ID 4393.
[10:59:09] [Server thread/INFO] [FML/]: Injected new Forge item material CUSTOMNPCS_NPCCARKEY with ID 4394.
[10:59:09] [Server thread/INFO] [FML/]: Injected new Forge item material CUSTOMNPCS_NPCKEY with ID 4395.
[10:59:09] [Server thread/INFO] [FML/]: Injected new Forge item material CUSTOMNPCS_NPCKEY2 with ID 4396.
[10:59:09] [Server thread/INFO] [FML/]: Injected new Forge item material CUSTOMNPCS_NPCPENDANT with ID 4397.
[10:59:09] [Server thread/INFO] [FML/]: Injected new Forge item material CUSTOMNPCS_NPCBLUEPRINT with ID 4398.
[10:59:09] [Server thread/INFO] [FML/]: Injected new Forge item material CUSTOMNPCS_NPCRING with ID 4399.
[10:59:09] [Server thread/INFO] [FML/]: Injected new Forge item material CUSTOMNPCS_NPCSKULL with ID 4400.
[10:59:09] [Server thread/INFO] [FML/]: Injected new Forge item material CUSTOMNPCS_NPCSAPHIRE with ID 4401.
[10:59:09] [Server thread/INFO] [FML/]: Injected new Forge item material CUSTOMNPCS_NPCRUBY with ID 4402.
[10:59:09] [Server thread/INFO] [FML/]: Injected new Forge item material CUSTOMNPCS_NPCAMETHYST with ID 4403.
[10:59:09] [Server thread/INFO] [FML/]: Injected new Forge item material CUSTOMNPCS_NPCBRONZEINGOT with ID 4404.
[10:59:09] [Server thread/INFO] [FML/]: Injected new Forge item material CUSTOMNPCS_NPCDEMONICINGOT with ID 4405.
[10:59:09] [Server thread/INFO] [FML/]: Injected new Forge item material CUSTOMNPCS_NPCANCIENTSCROLL with ID 4406.
[10:59:09] [Server thread/INFO] [FML/]: Injected new Forge item material CUSTOMNPCS_NPCARTIFACT with ID 4407.
[10:59:09] [Server thread/INFO] [FML/]: Injected new Forge item material CUSTOMNPCS_NPCLOCKET with ID 4408.
[10:59:09] [Server thread/INFO] [FML/]: Injected new Forge item material CUSTOMNPCS_NPCSILK with ID 4409.
[10:59:09] [Server thread/INFO] [FML/]: Injected new Forge item material CUSTOMNPCS_NPCSTATUETTE with ID 4410.
[10:59:09] [Server thread/INFO] [FML/]: Injected new Forge item material CUSTOMNPCS_NPCTABLET with ID 4411.
[10:59:09] [Server thread/INFO] [FML/]: Injected new Forge item material EXTENDEDWORKBENCH_TOOL00 with ID 4412.
[10:59:09] [Server thread/INFO] [FML/]: Injected new Forge item material EXTENDEDWORKBENCH_TOOL10 with ID 4413.
[10:59:09] [Server thread/INFO] [FML/]: Injected new Forge item material EXTENDEDWORKBENCH_TOOL20 with ID 4414.
[10:59:09] [Server thread/INFO] [FML/]: Injected new Forge item material EXTENDEDWORKBENCH_TOOL30 with ID 4415.
[10:59:09] [Server thread/INFO] [FML/]: Injected new Forge item material EXTENDEDWORKBENCH_TOOL40 with ID 4416.
[10:59:09] [Server thread/INFO] [FML/]: Injected new Forge item material EXTENDEDWORKBENCH_TOOL01 with ID 4417.
[10:59:09] [Server thread/INFO] [FML/]: Injected new Forge item material EXTENDEDWORKBENCH_TOOL11 with ID 4418.
[10:59:09] [Server thread/INFO] [FML/]: Injected new Forge item material EXTENDEDWORKBENCH_TOOL21 with ID 4419.
[10:59:09] [Server thread/INFO] [FML/]: Injected new Forge item material EXTENDEDWORKBENCH_TOOL31 with ID 4420.
[10:59:09] [Server thread/INFO] [FML/]: Injected new Forge item material EXTENDEDWORKBENCH_TOOL41 with ID 4421.
[10:59:09] [Server thread/INFO] [FML/]: Injected new Forge item material EXTENDEDWORKBENCH_TOOL02 with ID 4422.
[10:59:09] [Server thread/INFO] [FML/]: Injected new Forge item material EXTENDEDWORKBENCH_TOOL12 with ID 4423.
[10:59:09] [Server thread/INFO] [FML/]: Injected new Forge item material EXTENDEDWORKBENCH_TOOL22 with ID 4424.
[10:59:09] [Server thread/INFO] [FML/]: Injected new Forge item material EXTENDEDWORKBENCH_TOOL32 with ID 4425.
[10:59:09] [Server thread/INFO] [FML/]: Injected new Forge item material EXTENDEDWORKBENCH_TOOL42 with ID 4426.
[10:59:09] [Server thread/INFO] [FML/]: Injected new Forge item material EXTENDEDWORKBENCH_TOOL03 with ID 4427.
[10:59:09] [Server thread/INFO] [FML/]: Injected new Forge item material EXTENDEDWORKBENCH_TOOL13 with ID 4428.
[10:59:09] [Server thread/INFO] [FML/]: Injected new Forge item material EXTENDEDWORKBENCH_TOOL23 with ID 4429.
[10:59:09] [Server thread/INFO] [FML/]: Injected new Forge item material EXTENDEDWORKBENCH_TOOL33 with ID 4430.
[10:59:09] [Server thread/INFO] [FML/]: Injected new Forge item material EXTENDEDWORKBENCH_TOOL43 with ID 4431.
[10:59:09] [Server thread/INFO] [FML/]: Injected new Forge item material EXTENDEDWORKBENCH_TOOL04 with ID 4432.
[10:59:09] [Server thread/INFO] [FML/]: Injected new Forge item material EXTENDEDWORKBENCH_TOOL14 with ID 4433.
[10:59:09] [Server thread/INFO] [FML/]: Injected new Forge item material EXTENDEDWORKBENCH_TOOL24 with ID 4434.
[10:59:09] [Server thread/INFO] [FML/]: Injected new Forge item material EXTENDEDWORKBENCH_TOOL34 with ID 4435.
[10:59:09] [Server thread/INFO] [FML/]: Injected new Forge item material EXTENDEDWORKBENCH_TOOL44 with ID 4436.
[10:59:09] [Server thread/INFO] [FML/]: Injected new Forge item material EXTENDEDWORKBENCH_BOW with ID 4437.
[10:59:09] [Server thread/INFO] [FML/]: Injected new Forge item material EXTENDEDWORKBENCH_FISHINGROD with ID 4438.
[10:59:09] [Server thread/INFO] [FML/]: Injected new Forge item material EXTENDEDWORKBENCH_FLINTANDSTEEL with ID 4439.
[10:59:09] [Server thread/INFO] [FML/]: Injected new Forge item material EXTENDEDWORKBENCH_SHEARS with ID 4440.
[10:59:09] [Server thread/INFO] [FML/]: Injected new Forge item material EXTENDEDWORKBENCH_MAP_EMPTY with ID 4441.
[10:59:09] [Server thread/INFO] [FML/]: Injected new Forge item material EXTENDEDWORKBENCH_MAP with ID 4442.
[10:59:09] [Server thread/INFO] [FML/]: Injected new Forge item material EXTENDEDWORKBENCH_COMPASS with ID 4443.
[10:59:09] [Server thread/INFO] [FML/]: Injected new Forge item material EXTENDEDWORKBENCH_ARMOR00 with ID 4444.
[10:59:09] [Server thread/INFO] [FML/]: Injected new Forge item material EXTENDEDWORKBENCH_ARMOR01 with ID 4445.
[10:59:09] [Server thread/INFO] [FML/]: Injected new Forge item material EXTENDEDWORKBENCH_ARMOR02 with ID 4446.
[10:59:09] [Server thread/INFO] [FML/]: Injected new Forge item material EXTENDEDWORKBENCH_ARMOR03 with ID 4447.
[10:59:09] [Server thread/INFO] [FML/]: Injected new Forge item material EXTENDEDWORKBENCH_ARMOR20 with ID 4448.
[10:59:09] [Server thread/INFO] [FML/]: Injected new Forge item material EXTENDEDWORKBENCH_ARMOR21 with ID 4449.
[10:59:09] [Server thread/INFO] [FML/]: Injected new Forge item material EXTENDEDWORKBENCH_ARMOR22 with ID 4450.
[10:59:09] [Server thread/INFO] [FML/]: Injected new Forge item material EXTENDEDWORKBENCH_ARMOR23 with ID 4451.
[10:59:09] [Server thread/INFO] [FML/]: Injected new Forge item material EXTENDEDWORKBENCH_ARMOR30 with ID 4452.
[10:59:09] [Server thread/INFO] [FML/]: Injected new Forge item material EXTENDEDWORKBENCH_ARMOR31 with ID 4453.
[10:59:09] [Server thread/INFO] [FML/]: Injected new Forge item material EXTENDEDWORKBENCH_ARMOR32 with ID 4454.
[10:59:09] [Server thread/INFO] [FML/]: Injected new Forge item material EXTENDEDWORKBENCH_ARMOR33 with ID 4455.
[10:59:09] [Server thread/INFO] [FML/]: Injected new Forge item material EXTENDEDWORKBENCH_ARMOR40 with ID 4456.
[10:59:09] [Server thread/INFO] [FML/]: Injected new Forge item material EXTENDEDWORKBENCH_ARMOR41 with ID 4457.
[10:59:09] [Server thread/INFO] [FML/]: Injected new Forge item material EXTENDEDWORKBENCH_ARMOR42 with ID 4458.
[10:59:09] [Server thread/INFO] [FML/]: Injected new Forge item material EXTENDEDWORKBENCH_ARMOR43 with ID 4459.
[10:59:09] [Server thread/INFO] [FML/]: Injected new Forge item material IRONCHEST_IRONGOLDUPGRADE with ID 4460.
[10:59:09] [Server thread/INFO] [FML/]: Injected new Forge item material IRONCHEST_GOLDDIAMONDUPGRADE with ID 4461.
[10:59:09] [Server thread/INFO] [FML/]: Injected new Forge item material IRONCHEST_COPPERSILVERUPGRADE with ID 4462.
[10:59:09] [Server thread/INFO] [FML/]: Injected new Forge item material IRONCHEST_SILVERGOLDUPGRADE with ID 4463.
[10:59:09] [Server thread/INFO] [FML/]: Injected new Forge item material IRONCHEST_COPPERIRONUPGRADE with ID 4464.
[10:59:09] [Server thread/INFO] [FML/]: Injected new Forge item material IRONCHEST_DIAMONDCRYSTALUPGRADE with ID 4465.
[10:59:09] [Server thread/INFO] [FML/]: Injected new Forge item material IRONCHEST_WOODIRONUPGRADE with ID 4466.
[10:59:09] [Server thread/INFO] [FML/]: Injected new Forge item material IRONCHEST_WOODCOPPERUPGRADE with ID 4467.
[10:59:09] [Server thread/INFO] [FML/]: Injected new Forge item material IRONCHEST_DIAMONDOBSIDIANUPGRADE with ID 4468.
[10:59:09] [Server thread/INFO] [FML/]: Injected new Forge item material BAMBOOMOD_BAMBOOBASKET with ID 4469.
[10:59:09] [Server thread/INFO] [FML/]: Injected new Forge item material BAMBOOMOD_FIRECRACKER with ID 4470.
[10:59:09] [Server thread/INFO] [FML/]: Injected new Forge item material BAMBOOMOD_BAMBOOFOOD with ID 4471.
[10:59:09] [Server thread/INFO] [FML/]: Injected new Forge item material BAMBOOMOD_BAMBOOSPEAR with ID 4472.
[10:59:09] [Server thread/INFO] [FML/]: Injected new Forge item material BAMBOOMOD_SLIDEDOOR with ID 4473.
[10:59:09] [Server thread/INFO] [FML/]: Injected new Forge item material BAMBOOMOD_KAKEZIKU with ID 4474.
[10:59:09] [Server thread/INFO] [FML/]: Injected new Forge item material BAMBOOMOD_HUTON with ID 4475.
[10:59:09] [Server thread/INFO] [FML/]: Injected new Forge item material BAMBOOMOD_BAMBOOSHOOT with ID 4476.
[10:59:09] [Server thread/INFO] [FML/]: Injected new Forge item material BAMBOOMOD_BOILEDEGG with ID 4477.
[10:59:09] [Server thread/INFO] [FML/]: Injected new Forge item material BAMBOOMOD_SHAVEDICE with ID 4478.
[10:59:09] [Server thread/INFO] [FML/]: Injected new Forge item material BAMBOOMOD_WINDCHIME with ID 4479.
[10:59:09] [Server thread/INFO] [FML/]: Injected new Forge item material BAMBOOMOD_ITEMSACK with ID 4480.
[10:59:09] [Server thread/INFO] [FML/]: Injected new Forge item material BAMBOOMOD_SNOWBALL with ID 4481.
[10:59:09] [Server thread/INFO] [FML/]: Injected new Forge item material BAMBOOMOD_FAN with ID 4482.
[10:59:09] [Server thread/INFO] [FML/]: Injected new Forge item material BAMBOOMOD_KATANA with ID 4483.
[10:59:09] [Server thread/INFO] [FML/]: Injected new Forge item material BAMBOOMOD_BAMBOOBOW with ID 4484.
[10:59:09] [Server thread/INFO] [FML/]: Injected new Forge item material BAMBOOMOD_TUDURA with ID 4485.
[10:59:09] [Server thread/INFO] [FML/]: Injected new Forge item material BAMBOOMOD_WINDMILL with ID 4486.
[10:59:09] [Server thread/INFO] [FML/]: Injected new Forge item material BAMBOOMOD_WATERWHEEL with ID 4487.
[10:59:09] [Server thread/INFO] [FML/]: Injected new Forge item material BAMBOOMOD_ITEMBAMBOO with ID 4488.
[10:59:09] [Server thread/INFO] [FML/]: Injected new Forge item material BAMBOOMOD_KAGINAWA with ID 4489.
[10:59:09] [Server thread/INFO] [FML/]: Injected new Forge item material BAMBOOMOD_BAMBOOSWORD with ID 4490.
[10:59:09] [Server thread/INFO] [FML/]: Injected new Forge item material BAMBOOMOD_OBON with ID 4491.
[10:59:09] [Server thread/INFO] [FML/]: Injected new Forge item material BAMBOOMOD_MAGATAMA with ID 4492.
[10:59:09] [Server thread/INFO] [FML/]: Injected new Forge item material BAMBOOMOD_STRAW with ID 4493.
[10:59:09] [Server thread/INFO] [FML/]: Injected new Forge item material BAMBOOMOD_SEEDRICE with ID 4494.
[10:59:09] [Server thread/INFO] [FML/]: Injected new Forge item material BAMBOOMOD_RAWRICE with ID 4495.
[10:59:09] [Server thread/INFO] [FML/]: Injected new Forge item material LOOTBAGS_ITEMLOOTBAG with ID 4496.
[10:59:09] [Server thread/INFO] [FML/]: Injected new Forge item material LOTSOFFOOD_SANDFROM with ID 4497.
[10:59:09] [Server thread/INFO] [FML/]: Injected new Forge item material LOTSOFFOOD_PATES with ID 4498.
[10:59:09] [Server thread/INFO] [FML/]: Injected new Forge item material LOTSOFFOOD_NOIXDECOCOOUVERTE with ID 4499.
[10:59:09] [Server thread/INFO] [FML/]: Injected new Forge item material LOTSOFFOOD_CREPECARAM with ID 4500.
[10:59:09] [Server thread/INFO] [FML/]: Injected new Forge item material LOTSOFFOOD_COLINCUIT with ID 4501.
[10:59:09] [Server thread/INFO] [FML/]: Injected new Forge item material LOTSOFFOOD_CHILI with ID 4502.
[10:59:09] [Server thread/INFO] [FML/]: Injected new Forge item material LOTSOFFOOD_PIZZA with ID 4503.
[10:59:09] [Server thread/INFO] [FML/]: Injected new Forge item material LOTSOFFOOD_BACONCUIT with ID 4504.
[10:59:09] [Server thread/INFO] [FML/]: Injected new Forge item material LOTSOFFOOD_CHORIZO with ID 4505.
[10:59:09] [Server thread/INFO] [FML/]: Injected new Forge item material LOTSOFFOOD_BARCUIT with ID 4506.
[10:59:09] [Server thread/INFO] [FML/]: Injected new Forge item material LOTSOFFOOD_CREPESUCRE with ID 4507.
[10:59:09] [Server thread/INFO] [FML/]: Injected new Forge item material LOTSOFFOOD_CHEVALCRU with ID 4508.
[10:59:09] [Server thread/INFO] [FML/]: Injected new Forge item material LOTSOFFOOD_SOLECRUE with ID 4509.
[10:59:09] [Server thread/INFO] [FML/]: Injected new Forge item material LOTSOFFOOD_ALGUES with ID 4510.
[10:59:09] [Server thread/INFO] [FML/]: Injected new Forge item material LOTSOFFOOD_STEAKTARTARE with ID 4511.
[10:59:09] [Server thread/INFO] [FML/]: Injected new Forge item material LOTSOFFOOD_SALADEFRUITS with ID 4512.
[10:59:09] [Server thread/INFO] [FML/]: Injected new Forge item material LOTSOFFOOD_FROMAGE with ID 4513.
[10:59:09] [Server thread/INFO] [FML/]: Injected new Forge item material LOTSOFFOOD_SOUPELEGUMES with ID 4514.
[10:59:09] [Server thread/INFO] [FML/]: Injected new Forge item material LOTSOFFOOD_CHOCOPIM with ID 4515.
[10:59:09] [Server thread/INFO] [FML/]: Injected new Forge item material LOTSOFFOOD_SUSHI with ID 4516.
[10:59:09] [Server thread/INFO] [FML/]: Injected new Forge item material LOTSOFFOOD_PIMENT with ID 4517.
[10:59:09] [Server thread/INFO] [FML/]: Injected new Forge item material LOTSOFFOOD_JUSCAROTTE with ID 4518.
[10:59:09] [Server thread/INFO] [FML/]: Injected new Forge item material LOTSOFFOOD_GLACEBANANE with ID 4519.
[10:59:09] [Server thread/INFO] [FML/]: Injected new Forge item material LOTSOFFOOD_SANDJAMB with ID 4520.
[10:59:09] [Server thread/INFO] [FML/]: Injected new Forge item material LOTSOFFOOD_GLACEPOMME with ID 4521.
[10:59:09] [Server thread/INFO] [FML/]: Injected new Forge item material LOTSOFFOOD_PAINCHOCO with ID 4522.
[10:59:09] [Server thread/INFO] [FML/]: Injected new Forge item material LOTSOFFOOD_NOIXDECOCO with ID 4523.
[10:59:09] [Server thread/INFO] [FML/]: Injected new Forge item material LOTSOFFOOD_CUPCAKE with ID 4524.
[10:59:09] [Server thread/INFO] [FML/]: Injected new Forge item material LOTSOFFOOD_CREPEFROM with ID 4525.
[10:59:09] [Server thread/INFO] [FML/]: Injected new Forge item material LOTSOFFOOD_POISSONORCRU with ID 4526.
[10:59:09] [Server thread/INFO] [FML/]: Injected new Forge item material LOTSOFFOOD_TARTETATIN with ID 4527.
[10:59:09] [Server thread/INFO] [FML/]: Injected new Forge item material LOTSOFFOOD_BOLCHOCO with ID 4528.
[10:59:09] [Server thread/INFO] [FML/]: Injected new Forge item material LOTSOFFOOD_GLACECARAMEL with ID 4529.
[10:59:09] [Server thread/INFO] [FML/]: Injected new Forge item material LOTSOFFOOD_CHOCOLAT with ID 4530.
[10:59:09] [Server thread/INFO] [FML/]: Injected new Forge item material LOTSOFFOOD_VERRE with ID 4531.
[10:59:09] [Server thread/INFO] [FML/]: Injected new Forge item material LOTSOFFOOD_CREPECHOCO with ID 4532.
[10:59:09] [Server thread/INFO] [FML/]: Injected new Forge item material LOTSOFFOOD_CHOCOCHAUD with ID 4533.
[10:59:09] [Server thread/INFO] [FML/]: Injected new Forge item material LOTSOFFOOD_VIN with ID 4534.
[10:59:09] [Server thread/INFO] [FML/]: Injected new Forge item material LOTSOFFOOD_BARCRU with ID 4535.
[10:59:09] [Server thread/INFO] [FML/]: Injected new Forge item material LOTSOFFOOD_BISCUITCHIEN with ID 4536.
[10:59:09] [Server thread/INFO] [FML/]: Injected new Forge item material LOTSOFFOOD_BACONCRU with ID 4537.
[10:59:09] [Server thread/INFO] [FML/]: Injected new Forge item material LOTSOFFOOD_GLACECOCO with ID 4538.
[10:59:09] [Server thread/INFO] [FML/]: Injected new Forge item material LOTSOFFOOD_SEAUFROMAGE with ID 4539.
[10:59:09] [Server thread/INFO] [FML/]: Injected new Forge item material LOTSOFFOOD_JUSPOMME with ID 4540.
[10:59:09] [Server thread/INFO] [FML/]: Injected new Forge item material LOTSOFFOOD_GATEAUFAIM with ID 4541.
[10:59:09] [Server thread/INFO] [FML/]: Injected new Forge item material LOTSOFFOOD_SANDBACON with ID 4542.
[10:59:09] [Server thread/INFO] [FML/]: Injected new Forge item material LOTSOFFOOD_RHUM with ID 4543.
[10:59:09] [Server thread/INFO] [FML/]: Injected new Forge item material LOTSOFFOOD_SANDPOUL with ID 4544.
[10:59:09] [Server thread/INFO] [FML/]: Injected new Forge item material LOTSOFFOOD_TRUITECRUE with ID 4545.
[10:59:09] [Server thread/INFO] [FML/]: Injected new Forge item material LOTSOFFOOD_FISHSOUP with ID 4546.
[10:59:09] [Server thread/INFO] [FML/]: Injected new Forge item material LOTSOFFOOD_JUSMELON with ID 4547.
[10:59:09] [Server thread/INFO] [FML/]: Injected new Forge item material LOTSOFFOOD_RAGOUTALGUES with ID 4548.
[10:59:09] [Server thread/INFO] [FML/]: Injected new Forge item material LOTSOFFOOD_OEUFDUR with ID 4549.
[10:59:09] [Server thread/INFO] [FML/]: Injected new Forge item material LOTSOFFOOD_GLACEMELON with ID 4550.
[10:59:09] [Server thread/INFO] [FML/]: Injected new Forge item material LOTSOFFOOD_PATEPOULET with ID 4551.
[10:59:09] [Server thread/INFO] [FML/]: Injected new Forge item material LOTSOFFOOD_POMMEDAMOUR with ID 4552.
[10:59:09] [Server thread/INFO] [FML/]: Injected new Forge item material LOTSOFFOOD_GATEAUCHOCO with ID 4553.
[10:59:09] [Server thread/INFO] [FML/]: Injected new Forge item material LOTSOFFOOD_RAISIN with ID 4554.
[10:59:09] [Server thread/INFO] [FML/]: Injected new Forge item material LOTSOFFOOD_GLACECHOCO with ID 4555.
[10:59:09] [Server thread/INFO] [FML/]: Injected new Forge item material LOTSOFFOOD_JUSCOCO with ID 4556.
[10:59:09] [Server thread/INFO] [FML/]: Injected new Forge item material LOTSOFFOOD_THE with ID 4557.
[10:59:09] [Server thread/INFO] [FML/]: Injected new Forge item material LOTSOFFOOD_CITROUILSOUP with ID 4558.
[10:59:09] [Server thread/INFO] [FML/]: Injected new Forge item material LOTSOFFOOD_SEEDPIMENT with ID 4559.
[10:59:09] [Server thread/INFO] [FML/]: Injected new Forge item material LOTSOFFOOD_BANANE with ID 4560.
[10:59:09] [Server thread/INFO] [FML/]: Injected new Forge item material LOTSOFFOOD_SANDPOISS with ID 4561.
[10:59:09] [Server thread/INFO] [FML/]: Injected new Forge item material LOTSOFFOOD_ZOMBIEPURE with ID 4562.
[10:59:09] [Server thread/INFO] [FML/]: Injected new Forge item material LOTSOFFOOD_GLACERAISIN with ID 4563.
[10:59:09] [Server thread/INFO] [FML/]: Injected new Forge item material LOTSOFFOOD_CACTUSOUP with ID 4564.
[10:59:09] [Server thread/INFO] [FML/]: Injected new Forge item material LOTSOFFOOD_CALAMARCRU with ID 4565.
[10:59:09] [Server thread/INFO] [FML/]: Injected new Forge item material LOTSOFFOOD_COLINCRU with ID 4566.
[10:59:09] [Server thread/INFO] [FML/]: Injected new Forge item material LOTSOFFOOD_MILKSHAKECHOCO with ID 4567.
[10:59:09] [Server thread/INFO] [FML/]: Injected new Forge item material LOTSOFFOOD_CREPE with ID 4568.
[10:59:09] [Server thread/INFO] [FML/]: Injected new Forge item material LOTSOFFOOD_CARAMEL with ID 4569.
[10:59:09] [Server thread/INFO] [FML/]: Injected new Forge item material LOTSOFFOOD_CALAMARCUIT with ID 4570.
[10:59:09] [Server thread/INFO] [FML/]: Injected new Forge item material LOTSOFFOOD_MOUTONCUIT with ID 4571.
[10:59:09] [Server thread/INFO] [FML/]: Injected new Forge item material LOTSOFFOOD_JUSCACTUS with ID 4572.
[10:59:09] [Server thread/INFO] [FML/]: Injected new Forge item material LOTSOFFOOD_JUSRAISIN with ID 4573.
[10:59:09] [Server thread/INFO] [FML/]: Injected new Forge item material LOTSOFFOOD_CIDRE with ID 4574.
[10:59:09] [Server thread/INFO] [FML/]: Injected new Forge item material LOTSOFFOOD_POISSONORCUIT with ID 4575.
[10:59:09] [Server thread/INFO] [FML/]: Injected new Forge item material LOTSOFFOOD_FORTUNECOOKIE with ID 4576.
[10:59:09] [Server thread/INFO] [FML/]: Injected new Forge item material LOTSOFFOOD_TRANCHE with ID 4577.
[10:59:09] [Server thread/INFO] [FML/]: Injected new Forge item material LOTSOFFOOD_JUSBANANE with ID 4578.
[10:59:09] [Server thread/INFO] [FML/]: Injected new Forge item material LOTSOFFOOD_TRUITECUITE with ID 4579.
[10:59:09] [Server thread/INFO] [FML/]: Injected new Forge item material LOTSOFFOOD_CUPCAKECHOCO with ID 4580.
[10:59:09] [Server thread/INFO] [FML/]: Injected new Forge item material LOTSOFFOOD_PORCARAMEL with ID 4581.
[10:59:09] [Server thread/INFO] [FML/]: Injected new Forge item material LOTSOFFOOD_MOUTONCRU with ID 4582.
[10:59:09] [Server thread/INFO] [FML/]: Injected new Forge item material LOTSOFFOOD_PATEPIMENT with ID 4583.
[10:59:09] [Server thread/INFO] [FML/]: Injected new Forge item material LOTSOFFOOD_CHEVALCUIT with ID 4584.
[10:59:09] [Server thread/INFO] [FML/]: Injected new Forge item material LOTSOFFOOD_GATEAUCAROTTE with ID 4585.
[10:59:09] [Server thread/INFO] [FML/]: Injected new Forge item material LOTSOFFOOD_PUREE with ID 4586.
[10:59:09] [Server thread/INFO] [FML/]: Injected new Forge item material LOTSOFFOOD_SOLECUITE with ID 4587.
[10:59:09] [Server thread/INFO] [FML/]: Injected new Forge item material LOTSOFFOOD_CHEESECAKE with ID 4588.
[10:59:09] [Server thread/INFO] [FML/]: Injected new Forge item material LOTSOFFOOD_PAPILLOTE with ID 4589.
[10:59:10] [Server thread/INFO] [/]: Mapping loaded 13 packages, 9950 classes, 33878 fields, 68194 methods, flags 3ff6
[10:59:10] [Server thread/INFO] [/]: Loaded inheritance map of 883 classes
[10:59:11] [Server thread/ERROR] [Minecraft/]: Could not load 'plugins\【禁止物品】BanItem.jar' in folder 'plugins'
org.bukkit.plugin.InvalidPluginException: java.lang.IllegalArgumentException: Plugin already initialized!
	at org.bukkit.plugin.java.JavaPluginLoader.loadPlugin(JavaPluginLoader.java:147) ~[JavaPluginLoader.class:git-Cauldron-MCPC-Plus-1.7.2-1.1147.04.98]
	at org.bukkit.plugin.SimplePluginManager.loadPlugin(SimplePluginManager.java:314) ~[SimplePluginManager.class:git-Cauldron-MCPC-Plus-1.7.2-1.1147.04.98]
	at org.bukkit.plugin.SimplePluginManager.loadPlugins(SimplePluginManager.java:236) [SimplePluginManager.class:git-Cauldron-MCPC-Plus-1.7.2-1.1147.04.98]
	at org.bukkit.craftbukkit.v1_7_R1.CraftServer.loadPlugins(CraftServer.java:300) [CraftServer.class:git-Cauldron-MCPC-Plus-1.7.2-1.1147.04.98]
	at net.minecraft.world.storage.SaveHandler.initBukkitData(SaveHandler.java:438) [axc.class:?]
	at net.minecraft.world.storage.SaveHandler.func_75757_d(SaveHandler.java:136) [axc.class:?]
	at net.minecraft.world.World.<init>(World.java:369) [afn.class:?]
	at net.minecraft.world.WorldServer.<init>(WorldServer.java:152) [mj.class:?]
	at net.minecraft.server.MinecraftServer.func_71247_a(MinecraftServer.java:336) [MinecraftServer.class:?]
	at net.minecraft.server.dedicated.DedicatedServer.func_71197_b(DedicatedServer.java:309) [lj.class:?]
	at net.minecraft.server.MinecraftServer.run(MinecraftServer.java:607) [MinecraftServer.class:?]
	at java.lang.Thread.run(Unknown Source) [?:1.7.0_45]
Caused by: java.lang.IllegalArgumentException: Plugin already initialized!
	at org.bukkit.plugin.java.PluginClassLoader.initialize(PluginClassLoader.java:484) ~[PluginClassLoader.class:git-Cauldron-MCPC-Plus-1.7.2-1.1147.04.98]
	at org.bukkit.plugin.java.JavaPlugin.<init>(JavaPlugin.java:59) ~[JavaPlugin.class:git-Cauldron-MCPC-Plus-1.7.2-1.1147.04.98]
	at com.abcalvin.BanItem.PlayerListener.<init>(PlayerListener.java:19) ~[?:?]
	at com.abcalvin.BanItem.main.<init>(main.java:20) ~[?:?]
	at sun.reflect.NativeConstructorAccessorImpl.newInstance0(Native Method) ~[?:1.7.0_45]
	at sun.reflect.NativeConstructorAccessorImpl.newInstance(Unknown Source) ~[?:1.7.0_45]
	at sun.reflect.DelegatingConstructorAccessorImpl.newInstance(Unknown Source) ~[?:1.7.0_45]
	at java.lang.reflect.Constructor.newInstance(Unknown Source) ~[?:1.7.0_45]
	at java.lang.Class.newInstance(Unknown Source) ~[?:1.7.0_45]
	at org.bukkit.plugin.java.PluginClassLoader.<init>(PluginClassLoader.java:203) ~[PluginClassLoader.class:git-Cauldron-MCPC-Plus-1.7.2-1.1147.04.98]
	at org.bukkit.plugin.java.JavaPluginLoader.loadPlugin(JavaPluginLoader.java:143) ~[JavaPluginLoader.class:git-Cauldron-MCPC-Plus-1.7.2-1.1147.04.98]
	... 11 more
Caused by: java.lang.IllegalStateException: Initial initialization
	at org.bukkit.plugin.java.PluginClassLoader.initialize(PluginClassLoader.java:487) ~[PluginClassLoader.class:git-Cauldron-MCPC-Plus-1.7.2-1.1147.04.98]
	at org.bukkit.plugin.java.JavaPlugin.<init>(JavaPlugin.java:59) ~[JavaPlugin.class:git-Cauldron-MCPC-Plus-1.7.2-1.1147.04.98]
	at com.abcalvin.BanItem.main.<init>(main.java:18) ~[?:?]
	at sun.reflect.NativeConstructorAccessorImpl.newInstance0(Native Method) ~[?:1.7.0_45]
	at sun.reflect.NativeConstructorAccessorImpl.newInstance(Unknown Source) ~[?:1.7.0_45]
	at sun.reflect.DelegatingConstructorAccessorImpl.newInstance(Unknown Source) ~[?:1.7.0_45]
	at java.lang.reflect.Constructor.newInstance(Unknown Source) ~[?:1.7.0_45]
	at java.lang.Class.newInstance(Unknown Source) ~[?:1.7.0_45]
	at org.bukkit.plugin.java.PluginClassLoader.<init>(PluginClassLoader.java:203) ~[PluginClassLoader.class:git-Cauldron-MCPC-Plus-1.7.2-1.1147.04.98]
	at org.bukkit.plugin.java.JavaPluginLoader.loadPlugin(JavaPluginLoader.java:143) ~[JavaPluginLoader.class:git-Cauldron-MCPC-Plus-1.7.2-1.1147.04.98]
	... 11 more
[10:59:12] [Server thread/INFO] [org.anjocaido.groupmanager.GroupManager/]: [GroupManager] Loading GroupManager v2.0 (2.12.1) (Phoenix)
[10:59:12] [Server thread/INFO] [com.sk89q.worldedit.bukkit.WorldEditPlugin/]: [WorldEdit] Loading WorldEdit v5.5.8
[10:59:12] [Server thread/INFO] [com.iCo6.iConomy/]: [iConomy] Loading iConomy v7.0
[10:59:12] [Server thread/INFO] [com.jca2323.AutoPortForward.AutoPortForwardMain/]: [AutoPortForward] Loading AutoPortForward v4.0
[10:59:12] [Server thread/INFO] [com.tigerhix.signs.Main/]: [TigerSigns] Loading TigerSigns v1.0.0
[10:59:12] [Server thread/INFO] [org.yi.acru.bukkit.Lockette.Lockette/]: [Lockette] Loading Lockette v1.7.12
[10:59:12] [Server thread/INFO] [net.milkbowl.vault.Vault/]: [Vault] Loading Vault v1.2.27-b349
[10:59:12] [Server thread/INFO] [com.worldcretornica.plotme.PlotMe/]: [PlotMe] Loading PlotMe v0.13b
[10:59:12] [Server thread/INFO] [com.gmail.nossr50.mcMMO/]: [mcMMO] Loading mcMMO v1.5.00-b3547
[10:59:12] [Server thread/INFO] [me.itsatacoshop247.TreeAssist.TreeAssist/]: [TreeAssist] Loading TreeAssist v5.8.89
[10:59:12] [Server thread/INFO] [com.earth2me.essentials.Essentials/]: [Essentials] Loading Essentials v2.12.2
[10:59:12] [Server thread/INFO] [org.maxgamer.QuickShop.QuickShop/]: [QuickShop] Loading QuickShop v4.4
[10:59:12] [Server thread/INFO] [com.earth2me.essentials.protect.EssentialsProtect/]: [EssentialsProtect] Loading EssentialsProtect v2.12.2
[10:59:12] [Server thread/INFO] [uk.org.whoami.authme.AuthMe/]: [AuthMe] Loading AuthMe v2.7.8
[10:59:12] [Server thread/INFO] [com.earth2me.essentials.spawn.EssentialsSpawn/]: [EssentialsSpawn] Loading EssentialsSpawn v2.12.2
[10:59:12] [Server thread/INFO] [com.earth2me.essentials.chat.EssentialsChat/]: [EssentialsChat] Loading EssentialsChat v2.12.2
[10:59:12] [Server thread/INFO] [com.earth2me.essentials.antibuild.EssentialsAntiBuild/]: [EssentialsAntiBuild] Loading EssentialsAntiBuild v2.12.2
[10:59:12] [Server thread/INFO] [com.bekvon.bukkit.residence.ResidenceCommandListener/]: [Residence] Loading Residence v2.6.6.6
[10:59:12] [Server thread/INFO] [net.milkbowl.vault.Vault/]: [Vault] Enabling Vault v1.2.27-b349
[10:59:13] [Server thread/INFO] [Minecraft/]: [Vault][Economy] Essentials Economy found: Waiting
[10:59:13] [Server thread/WARN] [Minecraft/]: iConomy - If you are using Flatfile storage be aware that versions 6, 7 and 8 have a CRITICAL bug which can wipe ALL iconomy data.
[10:59:13] [Server thread/WARN] [Minecraft/]: if you're using Votifier, or any other plugin which handles economy data in a threaded manner your server is at risk!
[10:59:13] [Server thread/WARN] [Minecraft/]: it is highly suggested to use SQL with iCo6 or to use an alternative economy plugin!
[10:59:13] [Server thread/INFO] [Minecraft/]: [Vault][Economy] iConomy 6 found: Waiting
[10:59:13] [Server thread/INFO] [Minecraft/]: [Vault][Permission] GroupManager found: Waiting
[10:59:13] [Server thread/INFO] [Minecraft/]: [Vault][Permission] SuperPermissions loaded as backup permission system.
[10:59:13] [Server thread/INFO] [Minecraft/]: [Vault][Chat] GroupManager found: Waiting
[10:59:13] [Server thread/INFO] [Minecraft/]: [Vault] Enabled Version 1.2.27-b349
[10:59:13] [Server thread/INFO] [com.worldcretornica.plotme.PlotMe/]: [PlotMe] Enabling PlotMe v0.13b
[10:59:13] [Server thread/INFO] [Minecraft/]: §9[PlotMe] §r 0 plots loaded
[10:59:14] [Server thread/INFO] [com.gmail.nossr50.mcMMO/]: [mcMMO] Enabling mcMMO v1.5.00-b3547
[10:59:21] [Thread-10/WARN] [com.gmail.nossr50.mcMMO/]: [mcMMO] The updater could not contact dev.bukkit.org for updating.
[10:59:21] [Thread-10/WARN] [com.gmail.nossr50.mcMMO/]: [mcMMO] If you have not recently modified your configuration and this is the first time you are seeing this message, the site may be experiencing temporary downtime.
[10:59:21] [Server thread/INFO] [FML/]: Loading dimension 0 (world) (net.minecraft.server.dedicated.DedicatedServer@1dfbf7d)
[10:59:21] [Server thread/INFO] [FML/]: Loading dimension 1 (DIM1) (net.minecraft.server.dedicated.DedicatedServer@1dfbf7d)
[10:59:21] [Server thread/INFO] [FML/]: Loading dimension -1 (DIM-1) (net.minecraft.server.dedicated.DedicatedServer@1dfbf7d)
[10:59:23] [Server thread/INFO] [org.anjocaido.groupmanager.GroupManager/]: [GroupManager] Enabling GroupManager v2.0 (2.12.1) (Phoenix)
[10:59:23] [Server thread/INFO] [/]: GroupManager - INFO - World Found: world
[10:59:23] [Server thread/INFO] [/]: GroupManager - INFO - Superperms support enabled.
[10:59:23] [Server thread/INFO] [/]: GroupManager - INFO - Scheduled Data Saving is set for every 10 minutes!
[10:59:23] [Server thread/INFO] [/]: GroupManager - INFO - Backups will be retained for 24 hours!
[10:59:23] [Server thread/INFO] [/]: GroupManager version 2.0 (2.12.1) (Phoenix) is enabled!
[10:59:23] [Server thread/INFO] [Minecraft/]: [Vault][Permission] GroupManager hooked.
[10:59:23] [Server thread/INFO] [Minecraft/]: [Vault][Chat] GroupManager - Chat hooked.
[10:59:23] [Server thread/INFO] [com.sk89q.worldedit.bukkit.WorldEditPlugin/]: [WorldEdit] Enabling WorldEdit v5.5.8
[10:59:24] [Server thread/INFO] [com.sk89q.wepif.PermissionsResolverManager/]: WEPIF: GroupManager detected! Using GroupManager for permissions.
[10:59:24] [Server thread/INFO] [com.iCo6.iConomy/]: [iConomy] Enabling iConomy v7.0
[10:59:25] [Server thread/INFO] [/]: [iConomy - April Fools] Enabled (490 ms)
[10:59:25] [Server thread/INFO] [/]: [iConomy] Hello, I'm Nijikokun. Yes, this is an April Fools joke, but '/money top' was fixed! Enjoy :) - Rare Version!
[10:59:25] [Server thread/INFO] [Minecraft/]: [Vault][Economy] iConomy 7 hooked.
[10:59:25] [Server thread/INFO] [com.jca2323.AutoPortForward.AutoPortForwardMain/]: [AutoPortForward] Enabling AutoPortForward v4.0
[10:59:25] [Server thread/INFO] [Minecraft/]: [AutoPortForward] AutoPortForward by jca2323 version 1.4 loaded
[10:59:25] [Server thread/INFO] [Minecraft/]: [AutoPortForward] Forwarding port: 25565
[10:59:25] [Thread-11/INFO] [/]: [iConomy - April Fools] Purged accounts with default balance.
[10:59:31] [Server thread/INFO] [Minecraft/]: [AutoPortForward] Attempting to use device: TE41
[10:59:31] [Server thread/INFO] [Minecraft/]: [AutoPortForward] Attempting to forward port..
[10:59:31] [Server thread/INFO] [Minecraft/]: [AutoPortForward] Minecraft server port forwarded on port:  25565
[10:59:31] [Server thread/INFO] [com.tigerhix.signs.Main/]: [TigerSigns] Enabling TigerSigns v1.0.0
[10:59:31] [Server thread/INFO] [org.yi.acru.bukkit.Lockette.Lockette/]: [Lockette] Enabling Lockette v1.7.12
[10:59:31] [Server thread/INFO] [Minecraft/]: [Lockette] Version 1.7.12 is being enabled!  Yay!  (Core version 1.3.7)
[10:59:31] [Server thread/WARN] [Minecraft/]: [Lockette] Craftbukkit build unrecognized, please be sure you have build [2771] or greater.
[10:59:31] [Server thread/INFO] [Minecraft/]: [Lockette] Custom lockable block list: [116, 84, 57, 145, 154]
[10:59:31] [Server thread/INFO] [Minecraft/]: [Lockette] Ignoring linked plugins: [mcMMO]
[10:59:31] [Server thread/INFO] [Minecraft/]: [Lockette] Loading strings file for English by Acru
[10:59:31] [Server thread/INFO] [Minecraft/]: [Lockette] Enabled link to plugin GroupManager for Groups, version 2.0 (2.12.1) (Phoenix)
[10:59:31] [Server thread/INFO] [Minecraft/]: [Lockette] Enabled link to plugin mcMMO for Groups, version 1.5.00-b3547
[10:59:31] [Server thread/INFO] [Minecraft/]: [Lockette] Using ops file for admin permissions.
[10:59:31] [Server thread/INFO] [Minecraft/]: [Lockette] Ready to protect your containers.
[10:59:31] [Server thread/INFO] [me.itsatacoshop247.TreeAssist.TreeAssist/]: [TreeAssist] Enabling TreeAssist v5.8.89
[10:59:32] [Server thread/INFO] [me.itsatacoshop247.TreeAssist.TreeAssist/]: [TreeAssist] debugging: off
[10:59:32] [Server thread/INFO] [com.earth2me.essentials.Essentials/]: [Essentials] Enabling Essentials v2.12.2
[10:59:32] [Server thread/INFO] [Minecraft/]: Bukkit version format changed. Version not checked.
[10:59:32] [Server thread/INFO] [Minecraft/]: git-Cauldron-MCPC-Plus-1.7.2-1.1147.04.98 (MC: 1.7.2)
[10:59:32] [Server thread/INFO] [Minecraft/]: 1.7.2-R0.4-SNAPSHOT
[10:59:32] [Server thread/INFO] [Minecraft/]: Using locale zh
[10:59:32] [Server thread/INFO] [Minecraft/]: Using locale zh
[10:59:32] [Server thread/INFO] [Minecraft/]: [Vault][Economy] Essentials Economy hooked.
[10:59:32] [Server thread/INFO] [Minecraft/]: Essentials: Using GroupManager based permissions.
[10:59:32] [Server thread/INFO] [com.earth2me.essentials.Essentials/]: [Essentials] Payment method found (Vault - Economy: iConomy 7 version: 1.2.27-b349)
[10:59:32] [Server thread/INFO] [org.maxgamer.QuickShop.QuickShop/]: [QuickShop] Enabling QuickShop v4.4
[10:59:32] [Server thread/INFO] [org.maxgamer.QuickShop.QuickShop/]: [QuickShop] Hooking Vault
[10:59:32] [Server thread/INFO] [org.maxgamer.QuickShop.QuickShop/]: [QuickShop] Starting item scheduler
[10:59:32] [Server thread/INFO] [org.maxgamer.QuickShop.QuickShop/]: [QuickShop] Limit cfg found...
[10:59:32] [Server thread/INFO] [org.maxgamer.QuickShop.QuickShop/]: [QuickShop] Limits.use: true
[10:59:32] [Server thread/INFO] [org.maxgamer.QuickShop.QuickShop/]: [QuickShop] {quickshop.vip=60, quickshop=0}
[10:59:33] [Server thread/INFO] [org.maxgamer.QuickShop.QuickShop/]: [QuickShop] Loading shops from database...
[10:59:33] [Server thread/INFO] [org.maxgamer.QuickShop.QuickShop/]: [QuickShop] Loaded 0 shops.
[10:59:33] [Server thread/INFO] [/]: Cleaning purchase messages from database that are over a week old...
[10:59:33] [Server thread/INFO] [org.maxgamer.QuickShop.QuickShop/]: [QuickShop] Registering Listeners
[10:59:33] [Server thread/INFO] [org.maxgamer.QuickShop.QuickShop/]: [QuickShop] Metrics started.
[10:59:33] [Server thread/INFO] [org.maxgamer.QuickShop.QuickShop/]: [QuickShop] QuickShop loaded!
[10:59:33] [Server thread/INFO] [com.earth2me.essentials.protect.EssentialsProtect/]: [EssentialsProtect] Enabling EssentialsProtect v2.12.2
[10:59:33] [Server thread/INFO] [uk.org.whoami.authme.AuthMe/]: [AuthMe] Enabling AuthMe v2.7.8
[10:59:33] [Server thread/INFO] [uk.org.whoami.authme.AuthMe/]: [AuthMe] Loading Configuration File...
[10:59:33] [Server thread/INFO] [uk.org.whoami.authme.AuthMe/]: [AuthMe] Merge new Config Options if needed..
[10:59:33] [Server thread/INFO] [Minecraft/]: [AuthMe] Set Language: en
[10:59:33] [Server thread/INFO] [Minecraft/]: [AuthMe] Authme 2.7.8 enabled
[10:59:33] [Server thread/INFO] [com.earth2me.essentials.spawn.EssentialsSpawn/]: [EssentialsSpawn] Enabling EssentialsSpawn v2.12.2
[10:59:33] [Server thread/INFO] [com.earth2me.essentials.chat.EssentialsChat/]: [EssentialsChat] Enabling EssentialsChat v2.12.2
[10:59:33] [Server thread/INFO] [com.earth2me.essentials.antibuild.EssentialsAntiBuild/]: [EssentialsAntiBuild] Enabling EssentialsAntiBuild v2.12.2
[10:59:33] [Server thread/INFO] [com.bekvon.bukkit.residence.ResidenceCommandListener/]: [Residence] Enabling Residence v2.6.6.6
[10:59:33] [Server thread/INFO] [Minecraft/]: [Residence] Found Vault using permissions plugin:GroupManager
[10:59:33] [Server thread/INFO] [/]: [Residence] Failed to update language file: Chinese.yml
[10:59:33] [Server thread/INFO] [/]: [Residence] Failed to update language file: Brazilian.yml
[10:59:33] [Server thread/INFO] [/]: [Residence] Scanning for economy systems...
[10:59:33] [Server thread/INFO] [/]: [Residence] Found Vault using economy system: iConomy 7
[10:59:33] [Server thread/INFO] [Minecraft/]: [Residence] Found WorldEdit
[10:59:34] [Server thread/INFO] [Minecraft/]: [Residence] Enabled! Version 2.6.6.6 by bekvon
[10:59:34] [Server thread/INFO] [Minecraft/]: Server permissions file permissions.yml is empty, ignoring it
[10:59:34] [Server thread/INFO] [/]: GroupManager - INFO - Bukkit Permissions Updated!
[10:59:34] [Server thread/WARN] [/SlashBlade]: java.lang.InstantiationException
[10:59:34] [Server thread/WARN] [/SlashBlade]: 	at sun.reflect.InstantiationExceptionConstructorAccessorImpl.newInstance(Unknown Source)
[10:59:34] [Server thread/WARN] [/SlashBlade]: 	at java.lang.reflect.Constructor.newInstance(Unknown Source)
[10:59:34] [Server thread/WARN] [/SlashBlade]: 	at net.minecraft.entity.EntityList.func_75620_a(EntityList.java:121)
[10:59:34] [Server thread/WARN] [/SlashBlade]: 	at mods.flammpfeil.slashblade.ConfigEntityListManager.onWorldTickEvent(ConfigEntityListManager.java:69)
[10:59:34] [Server thread/WARN] [/SlashBlade]: 	at cpw.mods.fml.common.eventhandler.ASMEventHandler_7_ConfigEntityListManager_onWorldTickEvent_WorldTickEvent.invoke(.dynamic)
[10:59:34] [Server thread/WARN] [/SlashBlade]: 	at cpw.mods.fml.common.eventhandler.ASMEventHandler.invoke(ASMEventHandler.java:51)
[10:59:34] [Server thread/WARN] [/SlashBlade]: 	at cpw.mods.fml.common.eventhandler.EventBus.post(EventBus.java:122)
[10:59:34] [Server thread/WARN] [/SlashBlade]: 	at cpw.mods.fml.common.FMLCommonHandler.onPreWorldTick(FMLCommonHandler.java:268)
[10:59:34] [Server thread/WARN] [/SlashBlade]: 	at net.minecraft.server.MinecraftServer.func_71190_q(MinecraftServer.java:891)
[10:59:34] [Server thread/WARN] [/SlashBlade]: 	at net.minecraft.server.dedicated.DedicatedServer.func_71190_q(DedicatedServer.java:432)
[10:59:34] [Server thread/WARN] [/SlashBlade]: 	at net.minecraft.server.MinecraftServer.func_71217_p(MinecraftServer.java:783)
[10:59:34] [Server thread/WARN] [/SlashBlade]: 	at net.minecraft.server.MinecraftServer.run(MinecraftServer.java:646)
[10:59:34] [Server thread/WARN] [/SlashBlade]: 	at java.lang.Thread.run(Unknown Source)
[10:59:34] [Server thread/INFO] [/SlashBlade]: LMMを手しませんでした
[10:59:35] [Craft Scheduler Thread - 0/WARN] [/]: [Fatal Error] :6:3: The element type "hr" must be terminated by the matching end-tag "</hr>".

[10:59:37] [Server thread/WARN] [/SlashBlade]: java.lang.InstantiationException
[10:59:37] [Server thread/WARN] [/SlashBlade]: 	at sun.reflect.InstantiationExceptionConstructorAccessorImpl.newInstance(Unknown Source)
[10:59:37] [Server thread/WARN] [/SlashBlade]: 	at java.lang.reflect.Constructor.newInstance(Unknown Source)
[10:59:37] [Server thread/WARN] [/SlashBlade]: 	at net.minecraft.entity.EntityList.func_75620_a(EntityList.java:121)
[10:59:37] [Server thread/WARN] [/SlashBlade]: 	at mods.flammpfeil.slashblade.ConfigEntityListManager.onWorldTickEvent(ConfigEntityListManager.java:69)
[10:59:37] [Server thread/WARN] [/SlashBlade]: 	at cpw.mods.fml.common.eventhandler.ASMEventHandler_7_ConfigEntityListManager_onWorldTickEvent_WorldTickEvent.invoke(.dynamic)
[10:59:37] [Server thread/WARN] [/SlashBlade]: 	at cpw.mods.fml.common.eventhandler.ASMEventHandler.invoke(ASMEventHandler.java:51)
[10:59:37] [Server thread/WARN] [/SlashBlade]: 	at cpw.mods.fml.common.eventhandler.EventBus.post(EventBus.java:122)
[10:59:37] [Server thread/WARN] [/SlashBlade]: 	at cpw.mods.fml.common.FMLCommonHandler.onPreWorldTick(FMLCommonHandler.java:268)
[10:59:37] [Server thread/WARN] [/SlashBlade]: 	at net.minecraft.server.MinecraftServer.func_71190_q(MinecraftServer.java:891)
[10:59:37] [Server thread/WARN] [/SlashBlade]: 	at net.minecraft.server.dedicated.DedicatedServer.func_71190_q(DedicatedServer.java:432)
[10:59:37] [Server thread/WARN] [/SlashBlade]: 	at net.minecraft.server.MinecraftServer.func_71217_p(MinecraftServer.java:783)
[10:59:37] [Server thread/WARN] [/SlashBlade]: 	at net.minecraft.server.MinecraftServer.run(MinecraftServer.java:646)
[10:59:37] [Server thread/WARN] [/SlashBlade]: 	at java.lang.Thread.run(Unknown Source)
[10:59:37] [Server thread/WARN] [/SlashBlade]: java.lang.NoSuchMethodException: naruto1310.extendedWorkbench.item.EntityExtendedFishHook.<init>(net.minecraft.world.World)
[10:59:37] [Server thread/WARN] [/SlashBlade]: 	at java.lang.Class.getConstructor0(Unknown Source)
[10:59:37] [Server thread/WARN] [/SlashBlade]: 	at java.lang.Class.getConstructor(Unknown Source)
[10:59:37] [Server thread/WARN] [/SlashBlade]: 	at net.minecraft.entity.EntityList.func_75620_a(EntityList.java:121)
[10:59:37] [Server thread/WARN] [/SlashBlade]: 	at mods.flammpfeil.slashblade.ConfigEntityListManager.onWorldTickEvent(ConfigEntityListManager.java:69)
[10:59:37] [Server thread/WARN] [/SlashBlade]: 	at cpw.mods.fml.common.eventhandler.ASMEventHandler_7_ConfigEntityListManager_onWorldTickEvent_WorldTickEvent.invoke(.dynamic)
[10:59:37] [Server thread/WARN] [/SlashBlade]: 	at cpw.mods.fml.common.eventhandler.ASMEventHandler.invoke(ASMEventHandler.java:51)
[10:59:37] [Server thread/WARN] [/SlashBlade]: 	at cpw.mods.fml.common.eventhandler.EventBus.post(EventBus.java:122)
[10:59:37] [Server thread/WARN] [/SlashBlade]: 	at cpw.mods.fml.common.FMLCommonHandler.onPreWorldTick(FMLCommonHandler.java:268)
[10:59:37] [Server thread/WARN] [/SlashBlade]: 	at net.minecraft.server.MinecraftServer.func_71190_q(MinecraftServer.java:891)
[10:59:37] [Server thread/WARN] [/SlashBlade]: 	at net.minecraft.server.dedicated.DedicatedServer.func_71190_q(DedicatedServer.java:432)
[10:59:37] [Server thread/WARN] [/SlashBlade]: 	at net.minecraft.server.MinecraftServer.func_71217_p(MinecraftServer.java:783)
[10:59:37] [Server thread/WARN] [/SlashBlade]: 	at net.minecraft.server.MinecraftServer.run(MinecraftServer.java:646)
[10:59:37] [Server thread/WARN] [/SlashBlade]: 	at java.lang.Thread.run(Unknown Source)
[11:03:59] [Server thread/INFO] [/]: CONSOLE: Stopping the server..
[11:03:59] [Server thread/INFO] [com.bekvon.bukkit.residence.ResidenceCommandListener/]: [Residence] Disabling Residence v2.6.6.6
[11:04:00] [Server thread/INFO] [Minecraft/]: [Residence] Disabled!
[11:04:00] [Server thread/INFO] [com.earth2me.essentials.antibuild.EssentialsAntiBuild/]: [EssentialsAntiBuild] Disabling EssentialsAntiBuild v2.12.2
[11:04:00] [Server thread/INFO] [com.earth2me.essentials.chat.EssentialsChat/]: [EssentialsChat] Disabling EssentialsChat v2.12.2
[11:04:00] [Server thread/INFO] [com.earth2me.essentials.spawn.EssentialsSpawn/]: [EssentialsSpawn] Disabling EssentialsSpawn v2.12.2
[11:04:00] [Server thread/INFO] [uk.org.whoami.authme.AuthMe/]: [AuthMe] Disabling AuthMe v2.7.8
[11:04:00] [Server thread/INFO] [Minecraft/]: [AuthMe] Authme 2.7.8 disabled
[11:04:00] [Server thread/INFO] [com.earth2me.essentials.protect.EssentialsProtect/]: [EssentialsProtect] Disabling EssentialsProtect v2.12.2
[11:04:00] [Server thread/INFO] [org.maxgamer.QuickShop.QuickShop/]: [QuickShop] Disabling QuickShop v4.4
[11:04:00] [Server thread/INFO] [com.earth2me.essentials.Essentials/]: [Essentials] Disabling Essentials v2.12.2
[11:04:00] [Server thread/INFO] [Minecraft/]: [Vault][Economy] Essentials Economy unhooked.
[11:04:00] [Server thread/INFO] [me.itsatacoshop247.TreeAssist.TreeAssist/]: [TreeAssist] Disabling TreeAssist v5.8.89
[11:04:00] [Server thread/INFO] [com.gmail.nossr50.mcMMO/]: [mcMMO] Disabling mcMMO v1.5.00-b3547
[11:04:00] [Server thread/INFO] [Minecraft/]: [Lockette] Disabled link to plugin mcMMO, version 1.5.00-b3547
[11:04:01] [Server thread/INFO] [com.worldcretornica.plotme.PlotMe/]: [PlotMe] Disabling PlotMe v0.13b
[11:04:01] [Server thread/INFO] [net.milkbowl.vault.Vault/]: [Vault] Disabling Vault v1.2.27-b349
[11:04:01] [Server thread/INFO] [org.yi.acru.bukkit.Lockette.Lockette/]: [Lockette] Disabling Lockette v1.7.12
[11:04:01] [Server thread/INFO] [Minecraft/]: Lockette is being disabled...  ;.;
[11:04:01] [Server thread/INFO] [Minecraft/]: [Lockette] Closing all automatic doors.
[11:04:01] [Server thread/INFO] [com.tigerhix.signs.Main/]: [TigerSigns] Disabling TigerSigns v1.0.0
[11:04:01] [Server thread/INFO] [com.jca2323.AutoPortForward.AutoPortForwardMain/]: [AutoPortForward] Disabling AutoPortForward v4.0
[11:04:01] [Server thread/INFO] [Minecraft/]: [AutoPortForward] AutoPortForward disabled. Removing port mapping
[11:04:01] [Server thread/INFO] [Minecraft/]: [AutoPortForward] Done. 
[11:04:01] [Server thread/INFO] [Minecraft/]: [AutoPortForward] AutoPortForward disabled.
[11:04:01] [Server thread/INFO] [com.iCo6.iConomy/]: [iConomy] Disabling iConomy v7.0
[11:04:01] [Server thread/INFO] [/]: [iConomy] Closing general data...
[11:04:01] [Server thread/INFO] [/]: [iConomy] Disabled. (0 ms)
[11:04:01] [Server thread/INFO] [com.sk89q.worldedit.bukkit.WorldEditPlugin/]: [WorldEdit] Disabling WorldEdit v5.5.8
[11:04:01] [Server thread/INFO] [org.anjocaido.groupmanager.GroupManager/]: [GroupManager] Disabling GroupManager v2.0 (2.12.1) (Phoenix)
[11:04:01] [Server thread/INFO] [/]: GroupManager - INFO - Scheduled Data Saving is disabled!
[11:04:01] [Server thread/INFO] [/]: GroupManager version 2.0 (2.12.1) (Phoenix) is disabled!
[11:04:02] [Server thread/INFO] [FML/]: Unloading dimension 0
[11:04:02] [Server thread/INFO] [FML/]: Unloading dimension -1
[11:04:02] [Server thread/INFO] [FML/]: Applying holder lookups
[11:04:02] [Server thread/INFO] [FML/]: Holder lookups applied
