[00:55:12] [main/INFO] [FML/]: Forge Mod Loader version 7.2.116.36 for Minecraft 1.7.2 loading
[00:55:12] [main/INFO] [FML/]: Java is Java HotSpot(TM) 64-Bit Server VM, version 1.8.0_111, running on Mac OS X:x86_64:10.12.4, installed at /Library/Java/JavaVirtualMachines/jdk1.8.0_111.jdk/Contents/Home/jre
[00:55:12] [main/DEBUG] [FML/]: Java classpath at launch is ./mcpc-plus-1.7.2-R0.4-forge1029-B44.jar
[00:55:12] [main/DEBUG] [FML/]: Java library path at launch is /Users/ben/Library/Java/Extensions:/Library/Java/Extensions:/Network/Library/Java/Extensions:/System/Library/Java/Extensions:/usr/lib/java:.
[00:55:12] [main/DEBUG] [FML/]: Enabling runtime deobfuscation
[00:55:12] [main/DEBUG] [FML/]: Instantiating coremod class FMLCorePlugin
[00:55:12] [main/DEBUG] [FML/]: Added access transformer class cpw.mods.fml.common.asm.transformers.AccessTransformer to enqueued access transformers
[00:55:12] [main/DEBUG] [FML/]: Enqueued coremod FMLCorePlugin
[00:55:12] [main/DEBUG] [FML/]: Instantiating coremod class FMLForgePlugin
[00:55:12] [main/DEBUG] [FML/]: Added access transformer class net.minecraftforge.transformers.ForgeAccessTransformer to enqueued access transformers
[00:55:12] [main/DEBUG] [FML/]: Enqueued coremod FMLForgePlugin
[00:55:12] [main/DEBUG] [FML/]: All fundamental core mods are successfully located
[00:55:12] [main/DEBUG] [FML/]: Discovering coremods
[00:55:12] [main/DEBUG] [FML/]: Examining for coremod candidacy Thaumcraft-1.7.2-4.1.1.14.jar
[00:55:12] [main/TRACE] [FML/]: Found FMLCorePluginContainsFMLMod marker in Thaumcraft-1.7.2-4.1.1.14.jar, it will be examined later for regular @Mod instances
[00:55:12] [main/DEBUG] [FML/]: Instantiating coremod class DepLoader
[00:55:12] [main/DEBUG] [FML/]: The coremod thaumcraft.codechicken.core.launch.DepLoader requested minecraft version 1.7.2 and minecraft is 1.7.2. It will be loaded.
[00:55:12] [main/DEBUG] [FML/]: Enqueued coremod DepLoader
[00:55:12] [main/INFO] [LaunchWrapper/]: Loading tweak class name cpw.mods.fml.common.launcher.FMLInjectionAndSortingTweaker
[00:55:12] [main/INFO] [LaunchWrapper/]: Loading tweak class name cpw.mods.fml.common.launcher.FMLDeobfTweaker
[00:55:12] [main/INFO] [LaunchWrapper/]: Calling tweak class cpw.mods.fml.common.launcher.FMLInjectionAndSortingTweaker
[00:55:12] [main/ERROR] [LaunchWrapper/]: Unable to launch
java.util.ConcurrentModificationException
	at java.util.ArrayList$Itr.checkForComodification(ArrayList.java:901) ~[?:1.8.0_111]
	at java.util.ArrayList$Itr.remove(ArrayList.java:865) ~[?:1.8.0_111]
	at net.minecraft.launchwrapper.Launch.launch(Launch.java:117) [launchwrapper-1.9.jar:?]
	at net.minecraft.launchwrapper.Launch.main(Launch.java:28) [launchwrapper-1.9.jar:?]
	at sun.reflect.NativeMethodAccessorImpl.invoke0(Native Method) ~[?:1.8.0_111]
	at sun.reflect.NativeMethodAccessorImpl.invoke(NativeMethodAccessorImpl.java:62) ~[?:1.8.0_111]
	at sun.reflect.DelegatingMethodAccessorImpl.invoke(DelegatingMethodAccessorImpl.java:43) ~[?:1.8.0_111]
	at java.lang.reflect.Method.invoke(Method.java:498) ~[?:1.8.0_111]
	at cpw.mods.fml.relauncher.ServerLaunchWrapper.run(ServerLaunchWrapper.java:43) [mcpc-plus-1.7.2-R0.4-forge1029-B44.jar:git-MCPC-Plus-1.7.2-R0.4-forge1029-44]
	at cpw.mods.fml.relauncher.ServerLaunchWrapper.main(ServerLaunchWrapper.java:12) [mcpc-plus-1.7.2-R0.4-forge1029-B44.jar:git-MCPC-Plus-1.7.2-R0.4-forge1029-44]
